Using pre-set license
Built from '2022.3/staging' branch; Version is '2022.3.21f1 (bf09ca542b87) revision 12519882'; Using compiler version '192829333'; Build Type 'Release'
OS: 'Windows 10  (10.0.19045) 64bit CoreCountrySpecific' Language: 'zh' Physical Memory: 16253 MB
BatchMode: 1, IsHumanControllingUs: 0, StartBugReporterOnCrash: 0, Is64bit: 1, IsPro: 1

COMMAND LINE ARGUMENTS:
D:\WorkSpace\2022.3.21f1\Editor\Unity.exe
-adb2
-batchMode
-noUpm
-name
AssetImportWorker1
-projectPath
D:/WorkSpace/Unity/RF
-logFile
Logs/AssetImportWorker1.log
-srvPort
4833
Successfully changed project path to: D:/WorkSpace/Unity/RF
D:/WorkSpace/Unity/RF
[UnityMemory] Configuration Parameters - Can be set up in boot.config
    "memorysetup-bucket-allocator-granularity=16"
    "memorysetup-bucket-allocator-bucket-count=8"
    "memorysetup-bucket-allocator-block-size=33554432"
    "memorysetup-bucket-allocator-block-count=8"
    "memorysetup-main-allocator-block-size=16777216"
    "memorysetup-thread-allocator-block-size=16777216"
    "memorysetup-gfx-main-allocator-block-size=16777216"
    "memorysetup-gfx-thread-allocator-block-size=16777216"
    "memorysetup-cache-allocator-block-size=4194304"
    "memorysetup-typetree-allocator-block-size=2097152"
    "memorysetup-profiler-bucket-allocator-granularity=16"
    "memorysetup-profiler-bucket-allocator-bucket-count=8"
    "memorysetup-profiler-bucket-allocator-block-size=33554432"
    "memorysetup-profiler-bucket-allocator-block-count=8"
    "memorysetup-profiler-allocator-block-size=16777216"
    "memorysetup-profiler-editor-allocator-block-size=1048576"
    "memorysetup-temp-allocator-size-main=16777216"
    "memorysetup-job-temp-allocator-block-size=2097152"
    "memorysetup-job-temp-allocator-block-size-background=1048576"
    "memorysetup-job-temp-allocator-reduction-small-platforms=262144"
    "memorysetup-allocator-temp-initial-block-size-main=262144"
    "memorysetup-allocator-temp-initial-block-size-worker=262144"
    "memorysetup-temp-allocator-size-background-worker=32768"
    "memorysetup-temp-allocator-size-job-worker=262144"
    "memorysetup-temp-allocator-size-preload-manager=33554432"
    "memorysetup-temp-allocator-size-nav-mesh-worker=65536"
    "memorysetup-temp-allocator-size-audio-worker=65536"
    "memorysetup-temp-allocator-size-cloud-worker=32768"
    "memorysetup-temp-allocator-size-gi-baking-worker=262144"
    "memorysetup-temp-allocator-size-gfx=262144"
Player connection [26392] Host "[IP] 192.168.8.6 [Port] 0 [Flags] 2 [Guid] 4017734821 [EditorId] 4017734821 [Version] 1048832 [Id] WindowsEditor(7,Dell) [Debug] 1 [PackageName] WindowsEditor [ProjectName] Editor" joined multi-casting on [225.0.0.222:54997]...

Player connection [26392] Host "[IP] 192.168.8.6 [Port] 0 [Flags] 2 [Guid] 4017734821 [EditorId] 4017734821 [Version] 1048832 [Id] WindowsEditor(7,Dell) [Debug] 1 [PackageName] WindowsEditor [ProjectName] Editor" joined alternative multi-casting on [225.0.0.222:34997]...

[Physics::Module] Initialized MultithreadedJobDispatcher with 15 workers.
Refreshing native plugins compatible for Editor in 26.51 ms, found 4 plugins.
Preloading 0 native plugins for Editor in 0.00 ms.
Initialize engine version: 2022.3.21f1 (bf09ca542b87)
[Subsystems] Discovering subsystems at path D:/WorkSpace/2022.3.21f1/Editor/Data/Resources/UnitySubsystems
[Subsystems] Discovering subsystems at path D:/WorkSpace/Unity/RF/Assets
GfxDevice: creating device client; threaded=0; jobified=0
Direct3D:
    Version:  Direct3D 11.0 [level 11.1]
    Renderer: NVIDIA GeForce RTX 2060 (ID=0x1f15)
    Vendor:   NVIDIA
    VRAM:     5955 MB
    Driver:   31.0.15.5161
Initialize mono
Mono path[0] = 'D:/WorkSpace/2022.3.21f1/Editor/Data/Managed'
Mono path[1] = 'D:/WorkSpace/2022.3.21f1/Editor/Data/MonoBleedingEdge/lib/mono/unityjit-win32'
Mono config path = 'D:/WorkSpace/2022.3.21f1/Editor/Data/MonoBleedingEdge/etc'
Using monoOptions --debugger-agent=transport=dt_socket,embedding=1,server=y,suspend=n,address=127.0.0.1:56052
Begin MonoManager ReloadAssembly
Registering precompiled unity dll's ...
Register platform support module: D:/WorkSpace/2022.3.21f1/Editor/Data/PlaybackEngines/WindowsStandaloneSupport/UnityEditor.WindowsStandalone.Extensions.dll
Registered in 0.007909 seconds.
- Loaded All Assemblies, in  0.625 seconds
Native extension for WindowsStandalone target not found
Mono: successfully reloaded assembly
- Finished resetting the current domain, in  0.316 seconds
Domain Reload Profiling: 941ms
	BeginReloadAssembly (324ms)
		ExecutionOrderSort (0ms)
		DisableScriptedObjects (0ms)
		BackupInstance (0ms)
		ReleaseScriptingObjects (0ms)
		CreateAndSetChildDomain (1ms)
	RebuildCommonClasses (57ms)
	RebuildNativeTypeToScriptingClass (12ms)
	initialDomainReloadingComplete (66ms)
	LoadAllAssembliesAndSetupDomain (166ms)
		LoadAssemblies (325ms)
		RebuildTransferFunctionScriptingTraits (0ms)
		AnalyzeDomain (161ms)
			TypeCache.Refresh (159ms)
				TypeCache.ScanAssembly (143ms)
			ScanForSourceGeneratedMonoScriptInfo (0ms)
			ResolveRequiredComponents (1ms)
	FinalizeReload (317ms)
		ReleaseScriptCaches (0ms)
		RebuildScriptCaches (0ms)
		SetupLoadedEditorAssemblies (253ms)
			LogAssemblyErrors (0ms)
			InitializePlatformSupportModulesInManaged (9ms)
			SetLoadedEditorAssemblies (9ms)
			RefreshPlugins (0ms)
			BeforeProcessingInitializeOnLoad (2ms)
			ProcessInitializeOnLoadAttributes (167ms)
			ProcessInitializeOnLoadMethodAttributes (66ms)
			AfterProcessingInitializeOnLoad (0ms)
			EditorAssembliesLoaded (0ms)
		ExecutionOrderSort2 (0ms)
		AwakeInstancesAfterBackupRestoration (0ms)
========================================================================
Worker process is ready to serve import requests
Begin MonoManager ReloadAssembly
- Loaded All Assemblies, in  0.919 seconds
Refreshing native plugins compatible for Editor in 8.07 ms, found 4 plugins.
Native extension for WindowsStandalone target not found
Package Manager log level set to [2]
[Package Manager] Server::EnsureServerProcessIsRunning -- launch failed, reason: Unity was launched with the -noUpm command-line argument
[Package Manager] UpmClient::Send -- Unable to send message (not connected to UPM process).
[Package Manager] Cannot connect to Unity Package Manager local server
Mono: successfully reloaded assembly
- Finished resetting the current domain, in  0.759 seconds
Domain Reload Profiling: 1678ms
	BeginReloadAssembly (297ms)
		ExecutionOrderSort (0ms)
		DisableScriptedObjects (5ms)
		BackupInstance (0ms)
		ReleaseScriptingObjects (0ms)
		CreateAndSetChildDomain (22ms)
	RebuildCommonClasses (45ms)
	RebuildNativeTypeToScriptingClass (11ms)
	initialDomainReloadingComplete (44ms)
	LoadAllAssembliesAndSetupDomain (521ms)
		LoadAssemblies (537ms)
		RebuildTransferFunctionScriptingTraits (0ms)
		AnalyzeDomain (218ms)
			TypeCache.Refresh (193ms)
				TypeCache.ScanAssembly (173ms)
			ScanForSourceGeneratedMonoScriptInfo (16ms)
			ResolveRequiredComponents (8ms)
	FinalizeReload (760ms)
		ReleaseScriptCaches (0ms)
		RebuildScriptCaches (0ms)
		SetupLoadedEditorAssemblies (563ms)
			LogAssemblyErrors (0ms)
			InitializePlatformSupportModulesInManaged (5ms)
			SetLoadedEditorAssemblies (4ms)
			RefreshPlugins (0ms)
			BeforeProcessingInitializeOnLoad (57ms)
			ProcessInitializeOnLoadAttributes (467ms)
			ProcessInitializeOnLoadMethodAttributes (28ms)
			AfterProcessingInitializeOnLoad (3ms)
			EditorAssembliesLoaded (0ms)
		ExecutionOrderSort2 (0ms)
		AwakeInstancesAfterBackupRestoration (15ms)
Launched and connected shader compiler UnityShaderCompiler.exe after 0.12 seconds
Refreshing native plugins compatible for Editor in 9.44 ms, found 4 plugins.
Preloading 0 native plugins for Editor in 0.00 ms.
Unloading 3534 Unused Serialized files (Serialized files now loaded: 0)
Unloading 37 unused Assets / (458.4 KB). Loaded Objects now: 4009.
Memory consumption went from 148.8 MB to 148.4 MB.
Total: 3.953900 ms (FindLiveObjects: 0.329400 ms CreateObjectMapping: 0.229100 ms MarkObjects: 3.086400 ms  DeleteObjects: 0.307600 ms)

AssetImportParameters requested are different than current active one (requested -> active):
  custom:container-demuxer-ogg: 62fdf1f143b41e24485cea50d1cbac27 -> 
  custom:video-codec-MediaFoundation-h265: 746d11721c4dcdbdad8f713fa42b33f4 -> 
  custom:video-decoder-ogg-theora: a1e56fd34408186e4bbccfd4996cb3dc -> 
  custom:framework-win-MediaFoundation: 216162199b28c13a410421893ffa2e32 -> 
  custom:CustomObjectIndexerAttribute: 9a22284fe3817be447336de3de66b15e -> 
  custom:container-demuxer-webm: 4f35f7cbe854078d1ac9338744f61a02 -> 
  custom:container-muxer-webm: aa71ff27fc2769a1b78a27578f13a17b -> 
  custom:video-decoder-webm-vp8: 9c59270c3fd7afecdb556c50c9e8de78 -> 
  custom:SearchIndexIgnoredProperties: e643bd26f0fe6173181afceb89e7c659 -> 
  custom:AudioImporter_EditorPlatform: d09bf68614088b80899f8185d706f6e7 -> 
  custom:video-encoder-webm-vp8: eb34c28f22e8b96e1ab97ce403110664 -> 
  custom:audio-decoder-ogg-vorbis: bf7c407c2cedff20999df2af8eb42d56 -> 
  custom:audio-encoder-webm-vorbis: bf7c407c2cedff20999df2af8eb42d56 -> 
========================================================================
Received Import Request.
  Time since last request: 405172.954448 seconds.
  path: Packages/com.unity.collab-proxy/package.json
  artifactKey: Guid(743fda8c4b219c8429fb5a77ede1c879) Importer(815301076,1909f56bfc062723c751e8b465ee728b)
Start importing Packages/com.unity.collab-proxy/package.json using Guid(743fda8c4b219c8429fb5a77ede1c879) Importer(815301076,1909f56bfc062723c751e8b465ee728b)  -> (artifact id: 'c13e33fab3ff20b4aeacd291f6383c95') in 0.013298 seconds
Number of updated asset objects reloaded before import = 0
Number of asset objects unloaded after import = 1
========================================================================
Received Import Request.
  Time since last request: 0.000023 seconds.
  path: Assets/RFTools/Models/Character/Soldier.blend
  artifactKey: Guid(e102c3a010d68934e845f7647af137db) Importer(815301076,1909f56bfc062723c751e8b465ee728b)
Start importing Assets/RFTools/Models/Character/Soldier.blend using Guid(e102c3a010d68934e845f7647af137db) Importer(815301076,1909f56bfc062723c751e8b465ee728b)  -> (artifact id: '285b09126a5fa3edddddc42154c81e99') in 0.205465 seconds
Number of updated asset objects reloaded before import = 0
Number of asset objects unloaded after import = 63
========================================================================
Received Import Request.
  Time since last request: 0.000042 seconds.
  path: Assets/RFTools/Models/blender_fbx_export_settings.png
  artifactKey: Guid(ee0b1065efb118d46b39f08e6cd4e461) Importer(815301076,1909f56bfc062723c751e8b465ee728b)
Start importing Assets/RFTools/Models/blender_fbx_export_settings.png using Guid(ee0b1065efb118d46b39f08e6cd4e461) Importer(815301076,1909f56bfc062723c751e8b465ee728b)  -> (artifact id: 'd64ffd87e0344404830fec6a230592de') in 0.032938 seconds
Number of updated asset objects reloaded before import = 0
Number of asset objects unloaded after import = 2
========================================================================
Received Import Request.
  Time since last request: 0.000033 seconds.
  path: Assets/RFTools/Models/Character
  artifactKey: Guid(25171b5ec7f3a824dab9c4343ce2d810) Importer(815301076,1909f56bfc062723c751e8b465ee728b)
Start importing Assets/RFTools/Models/Character using Guid(25171b5ec7f3a824dab9c4343ce2d810) Importer(815301076,1909f56bfc062723c751e8b465ee728b)  -> (artifact id: 'd013f370feb981a49b7d38e2b6a1979b') in 0.000694 seconds
Number of updated asset objects reloaded before import = 0
Number of asset objects unloaded after import = 0
========================================================================
Received Import Request.
  Time since last request: 0.000162 seconds.
  path: Assets/RFTools/Models/Character/Hands.blend
  artifactKey: Guid(5618d38179badc84fb2fad4ce25a71fb) Importer(815301076,1909f56bfc062723c751e8b465ee728b)
Start importing Assets/RFTools/Models/Character/Hands.blend using Guid(5618d38179badc84fb2fad4ce25a71fb) Importer(815301076,1909f56bfc062723c751e8b465ee728b)  -> (artifact id: 'f837cde5a338b3752e1c834140386dde') in 0.060022 seconds
Number of updated asset objects reloaded before import = 0
Number of asset objects unloaded after import = 138
========================================================================
Received Import Request.
  Time since last request: 30.734817 seconds.
  path: Assets/RFTools/Models/Weapons/FBX/bag.fbx
  artifactKey: Guid(ec3ea084cf9fe3c4ea74ff19ea9fa5aa) Importer(815301076,1909f56bfc062723c751e8b465ee728b)
Start importing Assets/RFTools/Models/Weapons/FBX/bag.fbx using Guid(ec3ea084cf9fe3c4ea74ff19ea9fa5aa) Importer(815301076,1909f56bfc062723c751e8b465ee728b)  -> (artifact id: '1e536e3c98b59b9c1135f655d0da6b86') in 0.081800 seconds
Number of updated asset objects reloaded before import = 0
Number of asset objects unloaded after import = 82
========================================================================
Received Import Request.
  Time since last request: 0.000030 seconds.
  path: Assets/RFTools/Models/Weapons/FBX/Garand.fbx
  artifactKey: Guid(6e306f6421e32a645a14abd961c4e6c2) Importer(815301076,1909f56bfc062723c751e8b465ee728b)
Start importing Assets/RFTools/Models/Weapons/FBX/Garand.fbx using Guid(6e306f6421e32a645a14abd961c4e6c2) Importer(815301076,1909f56bfc062723c751e8b465ee728b)  -> (artifact id: 'f10c44be01fef536ebc0efc2e30ac35d') in 0.118090 seconds
Number of updated asset objects reloaded before import = 0
Number of asset objects unloaded after import = 112
========================================================================
Received Import Request.
  Time since last request: 0.000031 seconds.
  path: Assets/RFTools/Models/Weapons/FBX/Frag.fbx
  artifactKey: Guid(ca7341e859fe5ca42b71818d94af3bd0) Importer(815301076,1909f56bfc062723c751e8b465ee728b)
Start importing Assets/RFTools/Models/Weapons/FBX/Frag.fbx using Guid(ca7341e859fe5ca42b71818d94af3bd0) Importer(815301076,1909f56bfc062723c751e8b465ee728b)  -> (artifact id: 'dbda3bf3a49ffc08ef19f86ae7059ef8') in 0.071458 seconds
Number of updated asset objects reloaded before import = 0
Number of asset objects unloaded after import = 85
========================================================================
Received Import Request.
  Time since last request: 0.000050 seconds.
  path: Assets/RFTools/Models/Weapons/FBX/machinegun.fbx
  artifactKey: Guid(f4fb81dce8a281f41b4aec008b6a836d) Importer(815301076,1909f56bfc062723c751e8b465ee728b)
Start importing Assets/RFTools/Models/Weapons/FBX/machinegun.fbx using Guid(f4fb81dce8a281f41b4aec008b6a836d) Importer(815301076,1909f56bfc062723c751e8b465ee728b)  -> (artifact id: '96f976da0273ebe6ec5338269131dd3f') in 0.097332 seconds
Number of updated asset objects reloaded before import = 0
Number of asset objects unloaded after import = 94
Editor requested this worker to shutdown with reason: Scaling down because of idle timeout
TcpMessagingSession - receive error: operation aborted. errorcode: 995, details: 由于线程退出或应用程序请求，已中止 I/O 操作。
AssetImportWorker is now disconnected from the server
Process exiting
Exiting without the bug reporter. Application will terminate with return code 0