Using pre-set license
Built from '2022.3/staging' branch; Version is '2022.3.21f1 (bf09ca542b87) revision 12519882'; Using compiler version '192829333'; Build Type 'Release'
OS: 'Windows 10  (10.0.19045) 64bit CoreCountrySpecific' Language: 'zh' Physical Memory: 16253 MB
BatchMode: 1, IsHumanControllingUs: 0, StartBugReporterOnCrash: 0, Is64bit: 1, IsPro: 1

COMMAND LINE ARGUMENTS:
D:\WorkSpace\2022.3.21f1\Editor\Unity.exe
-adb2
-batchMode
-noUpm
-name
AssetImportWorker2
-projectPath
D:/WorkSpace/Unity/RF
-logFile
Logs/AssetImportWorker2.log
-srvPort
4833
Successfully changed project path to: D:/WorkSpace/Unity/RF
D:/WorkSpace/Unity/RF
[UnityMemory] Configuration Parameters - Can be set up in boot.config
    "memorysetup-bucket-allocator-granularity=16"
    "memorysetup-bucket-allocator-bucket-count=8"
    "memorysetup-bucket-allocator-block-size=33554432"
    "memorysetup-bucket-allocator-block-count=8"
    "memorysetup-main-allocator-block-size=16777216"
    "memorysetup-thread-allocator-block-size=16777216"
    "memorysetup-gfx-main-allocator-block-size=16777216"
    "memorysetup-gfx-thread-allocator-block-size=16777216"
    "memorysetup-cache-allocator-block-size=4194304"
    "memorysetup-typetree-allocator-block-size=2097152"
    "memorysetup-profiler-bucket-allocator-granularity=16"
    "memorysetup-profiler-bucket-allocator-bucket-count=8"
    "memorysetup-profiler-bucket-allocator-block-size=33554432"
    "memorysetup-profiler-bucket-allocator-block-count=8"
    "memorysetup-profiler-allocator-block-size=16777216"
    "memorysetup-profiler-editor-allocator-block-size=1048576"
    "memorysetup-temp-allocator-size-main=16777216"
    "memorysetup-job-temp-allocator-block-size=2097152"
    "memorysetup-job-temp-allocator-block-size-background=1048576"
    "memorysetup-job-temp-allocator-reduction-small-platforms=262144"
    "memorysetup-allocator-temp-initial-block-size-main=262144"
    "memorysetup-allocator-temp-initial-block-size-worker=262144"
    "memorysetup-temp-allocator-size-background-worker=32768"
    "memorysetup-temp-allocator-size-job-worker=262144"
    "memorysetup-temp-allocator-size-preload-manager=33554432"
    "memorysetup-temp-allocator-size-nav-mesh-worker=65536"
    "memorysetup-temp-allocator-size-audio-worker=65536"
    "memorysetup-temp-allocator-size-cloud-worker=32768"
    "memorysetup-temp-allocator-size-gi-baking-worker=262144"
    "memorysetup-temp-allocator-size-gfx=262144"
Player connection [13956] Host "[IP] 192.168.8.6 [Port] 0 [Flags] 2 [Guid] 57212585 [EditorId] 57212585 [Version] 1048832 [Id] WindowsEditor(7,Dell) [Debug] 1 [PackageName] WindowsEditor [ProjectName] Editor" joined multi-casting on [225.0.0.222:54997]...

Player connection [13956] Host "[IP] 192.168.8.6 [Port] 0 [Flags] 2 [Guid] 57212585 [EditorId] 57212585 [Version] 1048832 [Id] WindowsEditor(7,Dell) [Debug] 1 [PackageName] WindowsEditor [ProjectName] Editor" joined alternative multi-casting on [225.0.0.222:34997]...

[Physics::Module] Initialized MultithreadedJobDispatcher with 15 workers.
Refreshing native plugins compatible for Editor in 24.85 ms, found 4 plugins.
Preloading 0 native plugins for Editor in 0.00 ms.
Initialize engine version: 2022.3.21f1 (bf09ca542b87)
[Subsystems] Discovering subsystems at path D:/WorkSpace/2022.3.21f1/Editor/Data/Resources/UnitySubsystems
[Subsystems] Discovering subsystems at path D:/WorkSpace/Unity/RF/Assets
GfxDevice: creating device client; threaded=0; jobified=0
Direct3D:
    Version:  Direct3D 11.0 [level 11.1]
    Renderer: NVIDIA GeForce RTX 2060 (ID=0x1f15)
    Vendor:   NVIDIA
    VRAM:     5955 MB
    Driver:   31.0.15.5161
Initialize mono
Mono path[0] = 'D:/WorkSpace/2022.3.21f1/Editor/Data/Managed'
Mono path[1] = 'D:/WorkSpace/2022.3.21f1/Editor/Data/MonoBleedingEdge/lib/mono/unityjit-win32'
Mono config path = 'D:/WorkSpace/2022.3.21f1/Editor/Data/MonoBleedingEdge/etc'
Using monoOptions --debugger-agent=transport=dt_socket,embedding=1,server=y,suspend=n,address=127.0.0.1:56636
Begin MonoManager ReloadAssembly
Registering precompiled unity dll's ...
Register platform support module: D:/WorkSpace/2022.3.21f1/Editor/Data/PlaybackEngines/WindowsStandaloneSupport/UnityEditor.WindowsStandalone.Extensions.dll
Registered in 0.007896 seconds.
- Loaded All Assemblies, in  0.597 seconds
Native extension for WindowsStandalone target not found
Mono: successfully reloaded assembly
- Finished resetting the current domain, in  0.313 seconds
Domain Reload Profiling: 909ms
	BeginReloadAssembly (330ms)
		ExecutionOrderSort (0ms)
		DisableScriptedObjects (0ms)
		BackupInstance (0ms)
		ReleaseScriptingObjects (0ms)
		CreateAndSetChildDomain (1ms)
	RebuildCommonClasses (46ms)
	RebuildNativeTypeToScriptingClass (11ms)
	initialDomainReloadingComplete (56ms)
	LoadAllAssembliesAndSetupDomain (153ms)
		LoadAssemblies (331ms)
		RebuildTransferFunctionScriptingTraits (0ms)
		AnalyzeDomain (149ms)
			TypeCache.Refresh (147ms)
				TypeCache.ScanAssembly (132ms)
			ScanForSourceGeneratedMonoScriptInfo (0ms)
			ResolveRequiredComponents (1ms)
	FinalizeReload (313ms)
		ReleaseScriptCaches (0ms)
		RebuildScriptCaches (0ms)
		SetupLoadedEditorAssemblies (254ms)
			LogAssemblyErrors (0ms)
			InitializePlatformSupportModulesInManaged (8ms)
			SetLoadedEditorAssemblies (7ms)
			RefreshPlugins (0ms)
			BeforeProcessingInitializeOnLoad (2ms)
			ProcessInitializeOnLoadAttributes (175ms)
			ProcessInitializeOnLoadMethodAttributes (61ms)
			AfterProcessingInitializeOnLoad (0ms)
			EditorAssembliesLoaded (0ms)
		ExecutionOrderSort2 (0ms)
		AwakeInstancesAfterBackupRestoration (0ms)
========================================================================
Worker process is ready to serve import requests
Begin MonoManager ReloadAssembly
- Loaded All Assemblies, in  0.891 seconds
Refreshing native plugins compatible for Editor in 8.49 ms, found 4 plugins.
Native extension for WindowsStandalone target not found
Package Manager log level set to [2]
[Package Manager] Server::EnsureServerProcessIsRunning -- launch failed, reason: Unity was launched with the -noUpm command-line argument
[Package Manager] UpmClient::Send -- Unable to send message (not connected to UPM process).
[Package Manager] Cannot connect to Unity Package Manager local server
Mono: successfully reloaded assembly
- Finished resetting the current domain, in  0.705 seconds
Domain Reload Profiling: 1596ms
	BeginReloadAssembly (295ms)
		ExecutionOrderSort (0ms)
		DisableScriptedObjects (6ms)
		BackupInstance (0ms)
		ReleaseScriptingObjects (0ms)
		CreateAndSetChildDomain (23ms)
	RebuildCommonClasses (41ms)
	RebuildNativeTypeToScriptingClass (11ms)
	initialDomainReloadingComplete (44ms)
	LoadAllAssembliesAndSetupDomain (500ms)
		LoadAssemblies (513ms)
		RebuildTransferFunctionScriptingTraits (0ms)
		AnalyzeDomain (218ms)
			TypeCache.Refresh (193ms)
				TypeCache.ScanAssembly (174ms)
			ScanForSourceGeneratedMonoScriptInfo (17ms)
			ResolveRequiredComponents (8ms)
	FinalizeReload (706ms)
		ReleaseScriptCaches (0ms)
		RebuildScriptCaches (0ms)
		SetupLoadedEditorAssemblies (516ms)
			LogAssemblyErrors (0ms)
			InitializePlatformSupportModulesInManaged (5ms)
			SetLoadedEditorAssemblies (3ms)
			RefreshPlugins (0ms)
			BeforeProcessingInitializeOnLoad (62ms)
			ProcessInitializeOnLoadAttributes (419ms)
			ProcessInitializeOnLoadMethodAttributes (23ms)
			AfterProcessingInitializeOnLoad (4ms)
			EditorAssembliesLoaded (0ms)
		ExecutionOrderSort2 (0ms)
		AwakeInstancesAfterBackupRestoration (14ms)
Launched and connected shader compiler UnityShaderCompiler.exe after 0.09 seconds
Refreshing native plugins compatible for Editor in 10.57 ms, found 4 plugins.
Preloading 0 native plugins for Editor in 0.00 ms.
Unloading 3534 Unused Serialized files (Serialized files now loaded: 0)
Unloading 37 unused Assets / (458.2 KB). Loaded Objects now: 4009.
Memory consumption went from 148.9 MB to 148.4 MB.
Total: 4.459700 ms (FindLiveObjects: 0.408700 ms CreateObjectMapping: 0.256000 ms MarkObjects: 3.443300 ms  DeleteObjects: 0.349400 ms)

AssetImportParameters requested are different than current active one (requested -> active):
  custom:container-demuxer-ogg: 62fdf1f143b41e24485cea50d1cbac27 -> 
  custom:video-codec-MediaFoundation-h265: 746d11721c4dcdbdad8f713fa42b33f4 -> 
  custom:video-decoder-ogg-theora: a1e56fd34408186e4bbccfd4996cb3dc -> 
  custom:framework-win-MediaFoundation: 216162199b28c13a410421893ffa2e32 -> 
  custom:CustomObjectIndexerAttribute: 9a22284fe3817be447336de3de66b15e -> 
  custom:container-demuxer-webm: 4f35f7cbe854078d1ac9338744f61a02 -> 
  custom:container-muxer-webm: aa71ff27fc2769a1b78a27578f13a17b -> 
  custom:video-decoder-webm-vp8: 9c59270c3fd7afecdb556c50c9e8de78 -> 
  custom:SearchIndexIgnoredProperties: e643bd26f0fe6173181afceb89e7c659 -> 
  custom:AudioImporter_EditorPlatform: d09bf68614088b80899f8185d706f6e7 -> 
  custom:video-encoder-webm-vp8: eb34c28f22e8b96e1ab97ce403110664 -> 
  custom:audio-decoder-ogg-vorbis: bf7c407c2cedff20999df2af8eb42d56 -> 
  custom:audio-encoder-webm-vorbis: bf7c407c2cedff20999df2af8eb42d56 -> 
========================================================================
Received Import Request.
  Time since last request: 405203.831634 seconds.
  path: Assets/RFTools/Models/Weapons/FBX
  artifactKey: Guid(fae13be89eb7c3c4ea2f6704b0ee753f) Importer(815301076,1909f56bfc062723c751e8b465ee728b)
Start importing Assets/RFTools/Models/Weapons/FBX using Guid(fae13be89eb7c3c4ea2f6704b0ee753f) Importer(815301076,1909f56bfc062723c751e8b465ee728b)  -> (artifact id: 'c97053367d20485b31eef434772d7e52') in 0.009959 seconds
Number of updated asset objects reloaded before import = 0
Number of asset objects unloaded after import = 0
========================================================================
Received Import Request.
  Time since last request: 0.168001 seconds.
  path: Assets/RFTools/Models/Weapons/FBX/AK.fbx
  artifactKey: Guid(9500cfb205b53874db12e9c05512e443) Importer(815301076,1909f56bfc062723c751e8b465ee728b)
Start importing Assets/RFTools/Models/Weapons/FBX/AK.fbx using Guid(9500cfb205b53874db12e9c05512e443) Importer(815301076,1909f56bfc062723c751e8b465ee728b)  -> (artifact id: '8a84dfdde9676004c3b5d14c14dd37ef') in 0.258076 seconds
Number of updated asset objects reloaded before import = 0
Number of asset objects unloaded after import = 90
========================================================================
Received Import Request.
  Time since last request: 0.000046 seconds.
  path: Assets/RFTools/Models/Weapons/FBX/Wrench.fbx
  artifactKey: Guid(5dcad964d2eade04a9ae0efbaa8dcc21) Importer(815301076,1909f56bfc062723c751e8b465ee728b)
Start importing Assets/RFTools/Models/Weapons/FBX/Wrench.fbx using Guid(5dcad964d2eade04a9ae0efbaa8dcc21) Importer(815301076,1909f56bfc062723c751e8b465ee728b)  -> (artifact id: '4df9a2f9204f0cc938ef6f7f4b6ed3f5') in 0.071448 seconds
Number of updated asset objects reloaded before import = 0
Number of asset objects unloaded after import = 80
========================================================================
Received Import Request.
  Time since last request: 0.000035 seconds.
  path: Assets/RFTools/Models/Weapons/FBX/Garand Slide Mask.mask
  artifactKey: Guid(4562aa866fb4b8649ba9d99df304dc2e) Importer(815301076,1909f56bfc062723c751e8b465ee728b)
Start importing Assets/RFTools/Models/Weapons/FBX/Garand Slide Mask.mask using Guid(4562aa866fb4b8649ba9d99df304dc2e) Importer(815301076,1909f56bfc062723c751e8b465ee728b)  -> (artifact id: '13b08dc43d419f3692cee8fe3f88fcab') in 0.001735 seconds
Number of updated asset objects reloaded before import = 0
Number of asset objects unloaded after import = 1
========================================================================
Received Import Request.
  Time since last request: 0.000024 seconds.
  path: Assets/RFTools/Models/Weapons/FBX/Minigun.fbx
  artifactKey: Guid(107dc0b64e4154c4ba43c229aa3e869a) Importer(815301076,1909f56bfc062723c751e8b465ee728b)
Start importing Assets/RFTools/Models/Weapons/FBX/Minigun.fbx using Guid(107dc0b64e4154c4ba43c229aa3e869a) Importer(815301076,1909f56bfc062723c751e8b465ee728b)  -> (artifact id: '2a0045d0f7ad778dba3736965ae2836c') in 0.043101 seconds
Number of updated asset objects reloaded before import = 0
Number of asset objects unloaded after import = 22
========================================================================
Received Import Request.
  Time since last request: 71.779261 seconds.
  path: Assets/RFTools/Tools/Prefabs/Hit Indicator.prefab
  artifactKey: Guid(710eafc348ae5264695c2cf0b839d9cb) Importer(815301076,1909f56bfc062723c751e8b465ee728b)
Start importing Assets/RFTools/Tools/Prefabs/Hit Indicator.prefab using Guid(710eafc348ae5264695c2cf0b839d9cb) Importer(815301076,1909f56bfc062723c751e8b465ee728b)  -> (artifact id: '01795513c26c9416889b94c0ad39593b') in 0.007229 seconds
Number of updated asset objects reloaded before import = 0
Number of asset objects unloaded after import = 7
========================================================================
Received Import Request.
  Time since last request: 116.592004 seconds.
  path: Assets/RFTools/Prefabs/Projectiles/AA Projectile.prefab
  artifactKey: Guid(0987d172e73f2c04cbcedeec727edeee) Importer(815301076,1909f56bfc062723c751e8b465ee728b)
Start importing Assets/RFTools/Prefabs/Projectiles/AA Projectile.prefab using Guid(0987d172e73f2c04cbcedeec727edeee) Importer(815301076,1909f56bfc062723c751e8b465ee728b)  -> (artifact id: '76a619ed19fc3747db9cd4061d85313d') in 0.204034 seconds
Number of updated asset objects reloaded before import = 0
Number of asset objects unloaded after import = 36
========================================================================
Received Import Request.
  Time since last request: 0.000028 seconds.
  path: Assets/RFTools/Prefabs/Projectiles/Beretta Projectile.prefab
  artifactKey: Guid(7931d2a959932ad419d8214edbf3a209) Importer(815301076,1909f56bfc062723c751e8b465ee728b)
Start importing Assets/RFTools/Prefabs/Projectiles/Beretta Projectile.prefab using Guid(7931d2a959932ad419d8214edbf3a209) Importer(815301076,1909f56bfc062723c751e8b465ee728b)  -> (artifact id: 'c08c122240cf005ee00fcd59555f821d') in 0.016255 seconds
Number of updated asset objects reloaded before import = 0
Number of asset objects unloaded after import = 10
========================================================================
Received Import Request.
  Time since last request: 0.000031 seconds.
  path: Assets/RFTools/Prefabs/Vehicles/Bomber.prefab
  artifactKey: Guid(f52606bb26ae0614080cdd5b96b49ec7) Importer(815301076,1909f56bfc062723c751e8b465ee728b)
Start importing Assets/RFTools/Prefabs/Vehicles/Bomber.prefab using Guid(f52606bb26ae0614080cdd5b96b49ec7) Importer(815301076,1909f56bfc062723c751e8b465ee728b)  -> (artifact id: '405da2181db2e4aad8f6d604c154b037') in 0.718608 seconds
Number of updated asset objects reloaded before import = 0
Number of asset objects unloaded after import = 688
========================================================================
Received Import Request.
  Time since last request: 0.000037 seconds.
  path: Assets/RFTools/Prefabs/Trigger Prefabs/Trigger Spawn Airdrop Vehicle.prefab
  artifactKey: Guid(f6c1707e9379ebc40a111c80da7e0ee3) Importer(815301076,1909f56bfc062723c751e8b465ee728b)
Start importing Assets/RFTools/Prefabs/Trigger Prefabs/Trigger Spawn Airdrop Vehicle.prefab using Guid(f6c1707e9379ebc40a111c80da7e0ee3) Importer(815301076,1909f56bfc062723c751e8b465ee728b) SendMessage cannot be called during Awake, CheckConsistency, or OnValidate (default: OnMeshFilterChanged)
UnityEngine.StackTraceUtility:ExtractStackTrace ()
UnityEngine.ResourcesAPI:Load (string,System.Type)
UnityEngine.Resources:Load (string,System.Type)
UnityEngine.Resources:Load (string)
VehicleSpawner:SetupPreviewMeshes () (at D:/WorkSpace/Unity/My project/Assets/RFTools/Scripts/Map Tools/Components/VehicleSpawner.cs:26)
VehicleSpawner:OnValidate () (at D:/WorkSpace/Unity/My project/Assets/RFTools/Scripts/Map Tools/Components/VehicleSpawner.cs:51)

[D:/WorkSpace/Unity/My project/Assets/RFTools/Scripts/Map Tools/Components/VehicleSpawner.cs line 26]

SendMessage cannot be called during Awake, CheckConsistency, or OnValidate (default: OnMeshFilterChanged)
UnityEngine.StackTraceUtility:ExtractStackTrace ()
UnityEngine.ResourcesAPI:Load (string,System.Type)
UnityEngine.Resources:Load (string,System.Type)
UnityEngine.Resources:Load (string)
VehicleSpawner:SetupPreviewMeshes () (at D:/WorkSpace/Unity/My project/Assets/RFTools/Scripts/Map Tools/Components/VehicleSpawner.cs:26)
VehicleSpawner:OnValidate () (at D:/WorkSpace/Unity/My project/Assets/RFTools/Scripts/Map Tools/Components/VehicleSpawner.cs:51)

[D:/WorkSpace/Unity/My project/Assets/RFTools/Scripts/Map Tools/Components/VehicleSpawner.cs line 26]

SendMessage cannot be called during Awake, CheckConsistency, or OnValidate (default: OnMeshFilterChanged)
UnityEngine.StackTraceUtility:ExtractStackTrace ()
UnityEngine.ResourcesAPI:Load (string,System.Type)
UnityEngine.Resources:Load (string,System.Type)
UnityEngine.Resources:Load (string)
VehicleSpawner:SetupPreviewMeshes () (at D:/WorkSpace/Unity/My project/Assets/RFTools/Scripts/Map Tools/Components/VehicleSpawner.cs:26)
VehicleSpawner:OnValidate () (at D:/WorkSpace/Unity/My project/Assets/RFTools/Scripts/Map Tools/Components/VehicleSpawner.cs:51)

[D:/WorkSpace/Unity/My project/Assets/RFTools/Scripts/Map Tools/Components/VehicleSpawner.cs line 26]

SendMessage cannot be called during Awake, CheckConsistency, or OnValidate (default: OnMeshFilterChanged)
UnityEngine.StackTraceUtility:ExtractStackTrace ()
UnityEngine.ResourcesAPI:Load (string,System.Type)
UnityEngine.Resources:Load (string,System.Type)
UnityEngine.Resources:Load (string)
VehicleSpawner:SetupPreviewMeshes () (at D:/WorkSpace/Unity/My project/Assets/RFTools/Scripts/Map Tools/Components/VehicleSpawner.cs:26)
VehicleSpawner:OnValidate () (at D:/WorkSpace/Unity/My project/Assets/RFTools/Scripts/Map Tools/Components/VehicleSpawner.cs:51)

[D:/WorkSpace/Unity/My project/Assets/RFTools/Scripts/Map Tools/Components/VehicleSpawner.cs line 26]

SendMessage cannot be called during Awake, CheckConsistency, or OnValidate (default: OnMeshFilterChanged)
UnityEngine.StackTraceUtility:ExtractStackTrace ()
UnityEngine.ResourcesAPI:Load (string,System.Type)
UnityEngine.Resources:Load (string,System.Type)
UnityEngine.Resources:Load (string)
VehicleSpawner:SetupPreviewMeshes () (at D:/WorkSpace/Unity/My project/Assets/RFTools/Scripts/Map Tools/Components/VehicleSpawner.cs:26)
VehicleSpawner:OnValidate () (at D:/WorkSpace/Unity/My project/Assets/RFTools/Scripts/Map Tools/Components/VehicleSpawner.cs:51)

[D:/WorkSpace/Unity/My project/Assets/RFTools/Scripts/Map Tools/Components/VehicleSpawner.cs line 26]

SendMessage cannot be called during Awake, CheckConsistency, or OnValidate (default: OnMeshFilterChanged)
UnityEngine.StackTraceUtility:ExtractStackTrace ()
UnityEngine.ResourcesAPI:Load (string,System.Type)
UnityEngine.Resources:Load (string,System.Type)
UnityEngine.Resources:Load (string)
VehicleSpawner:SetupPreviewMeshes () (at D:/WorkSpace/Unity/My project/Assets/RFTools/Scripts/Map Tools/Components/VehicleSpawner.cs:26)
VehicleSpawner:OnValidate () (at D:/WorkSpace/Unity/My project/Assets/RFTools/Scripts/Map Tools/Components/VehicleSpawner.cs:51)

[D:/WorkSpace/Unity/My project/Assets/RFTools/Scripts/Map Tools/Components/VehicleSpawner.cs line 26]

SendMessage cannot be called during Awake, CheckConsistency, or OnValidate (default: OnMeshFilterChanged)
UnityEngine.StackTraceUtility:ExtractStackTrace ()
UnityEngine.ResourcesAPI:Load (string,System.Type)
UnityEngine.Resources:Load (string,System.Type)
UnityEngine.Resources:Load (string)
VehicleSpawner:SetupPreviewMeshes () (at D:/WorkSpace/Unity/My project/Assets/RFTools/Scripts/Map Tools/Components/VehicleSpawner.cs:26)
VehicleSpawner:OnValidate () (at D:/WorkSpace/Unity/My project/Assets/RFTools/Scripts/Map Tools/Components/VehicleSpawner.cs:51)

[D:/WorkSpace/Unity/My project/Assets/RFTools/Scripts/Map Tools/Components/VehicleSpawner.cs line 26]

SendMessage cannot be called during Awake, CheckConsistency, or OnValidate (default: OnMeshFilterChanged)
UnityEngine.StackTraceUtility:ExtractStackTrace ()
UnityEngine.ResourcesAPI:Load (string,System.Type)
UnityEngine.Resources:Load (string,System.Type)
UnityEngine.Resources:Load (string)
VehicleSpawner:SetupPreviewMeshes () (at D:/WorkSpace/Unity/My project/Assets/RFTools/Scripts/Map Tools/Components/VehicleSpawner.cs:26)
VehicleSpawner:OnValidate () (at D:/WorkSpace/Unity/My project/Assets/RFTools/Scripts/Map Tools/Components/VehicleSpawner.cs:51)

[D:/WorkSpace/Unity/My project/Assets/RFTools/Scripts/Map Tools/Components/VehicleSpawner.cs line 26]

SendMessage cannot be called during Awake, CheckConsistency, or OnValidate (default: OnMeshFilterChanged)
UnityEngine.StackTraceUtility:ExtractStackTrace ()
UnityEngine.ResourcesAPI:Load (string,System.Type)
UnityEngine.Resources:Load (string,System.Type)
UnityEngine.Resources:Load (string)
VehicleSpawner:SetupPreviewMeshes () (at D:/WorkSpace/Unity/My project/Assets/RFTools/Scripts/Map Tools/Components/VehicleSpawner.cs:26)
VehicleSpawner:OnValidate () (at D:/WorkSpace/Unity/My project/Assets/RFTools/Scripts/Map Tools/Components/VehicleSpawner.cs:51)

[D:/WorkSpace/Unity/My project/Assets/RFTools/Scripts/Map Tools/Components/VehicleSpawner.cs line 26]

SendMessage cannot be called during Awake, CheckConsistency, or OnValidate (default: OnMeshFilterChanged)
UnityEngine.StackTraceUtility:ExtractStackTrace ()
UnityEngine.ResourcesAPI:Load (string,System.Type)
UnityEngine.Resources:Load (string,System.Type)
UnityEngine.Resources:Load (string)
VehicleSpawner:SetupPreviewMeshes () (at D:/WorkSpace/Unity/My project/Assets/RFTools/Scripts/Map Tools/Components/VehicleSpawner.cs:26)
VehicleSpawner:OnValidate () (at D:/WorkSpace/Unity/My project/Assets/RFTools/Scripts/Map Tools/Components/VehicleSpawner.cs:51)

[D:/WorkSpace/Unity/My project/Assets/RFTools/Scripts/Map Tools/Components/VehicleSpawner.cs line 26]

SendMessage cannot be called during Awake, CheckConsistency, or OnValidate (default: OnMeshFilterChanged)
UnityEngine.StackTraceUtility:ExtractStackTrace ()
UnityEngine.ResourcesAPI:Load (string,System.Type)
UnityEngine.Resources:Load (string,System.Type)
UnityEngine.Resources:Load (string)
VehicleSpawner:SetupPreviewMeshes () (at D:/WorkSpace/Unity/My project/Assets/RFTools/Scripts/Map Tools/Components/VehicleSpawner.cs:26)
VehicleSpawner:OnValidate () (at D:/WorkSpace/Unity/My project/Assets/RFTools/Scripts/Map Tools/Components/VehicleSpawner.cs:51)

[D:/WorkSpace/Unity/My project/Assets/RFTools/Scripts/Map Tools/Components/VehicleSpawner.cs line 26]

 -> (artifact id: 'e02175b5ab1c53e22dcf2733b94fe3e9') in 0.039290 seconds
Number of updated asset objects reloaded before import = 0
Number of asset objects unloaded after import = 115
========================================================================
Received Import Request.
  Time since last request: 0.000040 seconds.
  path: Assets/RFTools/Prefabs/Projectiles/Mortar.prefab
  artifactKey: Guid(749bc3f7a6e144249b6454cc5b6b4f50) Importer(815301076,1909f56bfc062723c751e8b465ee728b)
Start importing Assets/RFTools/Prefabs/Projectiles/Mortar.prefab using Guid(749bc3f7a6e144249b6454cc5b6b4f50) Importer(815301076,1909f56bfc062723c751e8b465ee728b)  -> (artifact id: '7ae4b0ed4f2adf705d7018d4f430928d') in 0.039294 seconds
Number of updated asset objects reloaded before import = 0
Number of asset objects unloaded after import = 113
========================================================================
Received Import Request.
  Time since last request: 0.000030 seconds.
  path: Assets/RFTools/Prefabs/Map Elements/Turret Spawner.prefab
  artifactKey: Guid(cb750438f12a56b44a8e137ada5b88a8) Importer(815301076,1909f56bfc062723c751e8b465ee728b)
Start importing Assets/RFTools/Prefabs/Map Elements/Turret Spawner.prefab using Guid(cb750438f12a56b44a8e137ada5b88a8) Importer(815301076,1909f56bfc062723c751e8b465ee728b) SendMessage cannot be called during Awake, CheckConsistency, or OnValidate (default: OnMeshFilterChanged)
UnityEngine.StackTraceUtility:ExtractStackTrace ()
UnityEngine.ResourcesAPI:Load (string,System.Type)
UnityEngine.Resources:Load (string,System.Type)
UnityEngine.Resources:Load (string)
TurretSpawner:SetupPreviewMeshes () (at D:/WorkSpace/Unity/My project/Assets/RFTools/Scripts/Map Tools/Components/TurretSpawner.cs:18)
TurretSpawner:OnValidate () (at D:/WorkSpace/Unity/My project/Assets/RFTools/Scripts/Map Tools/Components/TurretSpawner.cs:34)

[D:/WorkSpace/Unity/My project/Assets/RFTools/Scripts/Map Tools/Components/TurretSpawner.cs line 18]

SendMessage cannot be called during Awake, CheckConsistency, or OnValidate (default: OnMeshFilterChanged)
UnityEngine.StackTraceUtility:ExtractStackTrace ()
UnityEngine.ResourcesAPI:Load (string,System.Type)
UnityEngine.Resources:Load (string,System.Type)
UnityEngine.Resources:Load (string)
TurretSpawner:SetupPreviewMeshes () (at D:/WorkSpace/Unity/My project/Assets/RFTools/Scripts/Map Tools/Components/TurretSpawner.cs:18)
TurretSpawner:OnValidate () (at D:/WorkSpace/Unity/My project/Assets/RFTools/Scripts/Map Tools/Components/TurretSpawner.cs:34)

[D:/WorkSpace/Unity/My project/Assets/RFTools/Scripts/Map Tools/Components/TurretSpawner.cs line 18]

SendMessage cannot be called during Awake, CheckConsistency, or OnValidate (default: OnMeshFilterChanged)
UnityEngine.StackTraceUtility:ExtractStackTrace ()
UnityEngine.ResourcesAPI:Load (string,System.Type)
UnityEngine.Resources:Load (string,System.Type)
UnityEngine.Resources:Load (string)
TurretSpawner:SetupPreviewMeshes () (at D:/WorkSpace/Unity/My project/Assets/RFTools/Scripts/Map Tools/Components/TurretSpawner.cs:18)
TurretSpawner:OnValidate () (at D:/WorkSpace/Unity/My project/Assets/RFTools/Scripts/Map Tools/Components/TurretSpawner.cs:34)

[D:/WorkSpace/Unity/My project/Assets/RFTools/Scripts/Map Tools/Components/TurretSpawner.cs line 18]

SendMessage cannot be called during Awake, CheckConsistency, or OnValidate (Turret Spawner: OnMeshFilterChanged)
UnityEngine.StackTraceUtility:ExtractStackTrace ()
TurretSpawner:OnValidate () (at D:/WorkSpace/Unity/My project/Assets/RFTools/Scripts/Map Tools/Components/TurretSpawner.cs:39)

[D:/WorkSpace/Unity/My project/Assets/RFTools/Scripts/Map Tools/Components/TurretSpawner.cs line 39]

 -> (artifact id: '0d9b9f8a48a172c30a13de31d46e9e07') in 0.020830 seconds
Number of updated asset objects reloaded before import = 0
Number of asset objects unloaded after import = 32
========================================================================
Received Import Request.
  Time since last request: 0.000026 seconds.
  path: Assets/RFTools/Prefabs/Map Elements/Must Haves/Neighbor Manager.prefab
  artifactKey: Guid(336ee7fa2195fad46b3ffd8183402e74) Importer(815301076,1909f56bfc062723c751e8b465ee728b)
Start importing Assets/RFTools/Prefabs/Map Elements/Must Haves/Neighbor Manager.prefab using Guid(336ee7fa2195fad46b3ffd8183402e74) Importer(815301076,1909f56bfc062723c751e8b465ee728b)  -> (artifact id: 'be76ba2201de9808a60a926777885e0a') in 0.003260 seconds
Number of updated asset objects reloaded before import = 0
Number of asset objects unloaded after import = 6
========================================================================
Received Import Request.
  Time since last request: 0.000021 seconds.
  path: Assets/RFTools/Prefabs/Map Elements/Must Haves/Pathfinding/Relevant Pathfinding Point.prefab
  artifactKey: Guid(68544514a2d9cc5499ada4bb5b72c7d1) Importer(815301076,1909f56bfc062723c751e8b465ee728b)
Start importing Assets/RFTools/Prefabs/Map Elements/Must Haves/Pathfinding/Relevant Pathfinding Point.prefab using Guid(68544514a2d9cc5499ada4bb5b72c7d1) Importer(815301076,1909f56bfc062723c751e8b465ee728b)  -> (artifact id: 'd8e7fd778bda7472649d622a6c4ff9dd') in 0.003480 seconds
Number of updated asset objects reloaded before import = 0
Number of asset objects unloaded after import = 5
========================================================================
Received Import Request.
  Time since last request: 0.000023 seconds.
  path: Assets/RFTools/Prefabs/Projectiles/Patriot Grenade.prefab
  artifactKey: Guid(2e8650544a083b34f941da2ced04c24d) Importer(815301076,1909f56bfc062723c751e8b465ee728b)
Start importing Assets/RFTools/Prefabs/Projectiles/Patriot Grenade.prefab using Guid(2e8650544a083b34f941da2ced04c24d) Importer(815301076,1909f56bfc062723c751e8b465ee728b)  -> (artifact id: '41e2d7f6cef315abb11f88fa6b71f04f') in 0.035960 seconds
Number of updated asset objects reloaded before import = 0
Number of asset objects unloaded after import = 68
========================================================================
Received Import Request.
  Time since last request: 0.000031 seconds.
  path: Assets/RFTools/Prefabs/Map Elements/Must Haves/Water Plane.prefab
  artifactKey: Guid(4f7bcbd2d37045345bbe3737f1caa838) Importer(815301076,1909f56bfc062723c751e8b465ee728b)
Start importing Assets/RFTools/Prefabs/Map Elements/Must Haves/Water Plane.prefab using Guid(4f7bcbd2d37045345bbe3737f1caa838) Importer(815301076,1909f56bfc062723c751e8b465ee728b)  -> (artifact id: '16e0f405dbde7b40abd078e65259ce67') in 0.036622 seconds
Number of updated asset objects reloaded before import = 0
Number of asset objects unloaded after import = 8
========================================================================
Received Import Request.
  Time since last request: 0.000022 seconds.
  path: Assets/RFTools/Prefabs/Vehicles/Misc/Countermeasure Particles.prefab
  artifactKey: Guid(57a3115268a379149aa97cdcdbd19c9d) Importer(815301076,1909f56bfc062723c751e8b465ee728b)
Start importing Assets/RFTools/Prefabs/Vehicles/Misc/Countermeasure Particles.prefab using Guid(57a3115268a379149aa97cdcdbd19c9d) Importer(815301076,1909f56bfc062723c751e8b465ee728b)  -> (artifact id: '1f9089c5c560c59c870c268c479ba181') in 0.020821 seconds
Number of updated asset objects reloaded before import = 0
Number of asset objects unloaded after import = 35
========================================================================
Received Import Request.
  Time since last request: 0.000026 seconds.
  path: Assets/RFTools/Prefabs/Effects/Muzzle Flash Particles.prefab
  artifactKey: Guid(38088be9f914b6146a415da553bcf615) Importer(815301076,1909f56bfc062723c751e8b465ee728b)
Start importing Assets/RFTools/Prefabs/Effects/Muzzle Flash Particles.prefab using Guid(38088be9f914b6146a415da553bcf615) Importer(815301076,1909f56bfc062723c751e8b465ee728b)  -> (artifact id: '95c3a58ae076f88d1738aa8dde5aa01f') in 0.019562 seconds
Number of updated asset objects reloaded before import = 0
Number of asset objects unloaded after import = 14
========================================================================
Received Import Request.
  Time since last request: 0.000022 seconds.
  path: Assets/RFTools/Prefabs/Map Elements/Avoidance Box.prefab
  artifactKey: Guid(9880671b85348754c8fe0afa3b218e8e) Importer(815301076,1909f56bfc062723c751e8b465ee728b)
Start importing Assets/RFTools/Prefabs/Map Elements/Avoidance Box.prefab using Guid(9880671b85348754c8fe0afa3b218e8e) Importer(815301076,1909f56bfc062723c751e8b465ee728b)  -> (artifact id: 'f4bb99a320d899f5906bb905adb92077') in 0.016233 seconds
Number of updated asset objects reloaded before import = 0
Number of asset objects unloaded after import = 8
========================================================================
Received Import Request.
  Time since last request: 0.000036 seconds.
  path: Assets/RFTools/Prefabs/Map Elements/Water Volume.prefab
  artifactKey: Guid(dd832397bc5db8a48b1643d981011aa8) Importer(815301076,1909f56bfc062723c751e8b465ee728b)
Start importing Assets/RFTools/Prefabs/Map Elements/Water Volume.prefab using Guid(dd832397bc5db8a48b1643d981011aa8) Importer(815301076,1909f56bfc062723c751e8b465ee728b)  -> (artifact id: 'bc91ed4e422ce42d9f48aefabe405ade') in 0.018090 seconds
Number of updated asset objects reloaded before import = 0
Number of asset objects unloaded after import = 8
========================================================================
Received Import Request.
  Time since last request: 0.000045 seconds.
  path: Assets/RFTools/Prefabs/Vehicles/Blackhawk Minigun.prefab
  artifactKey: Guid(7f3228988a4c9494a98437d90aa8b005) Importer(815301076,1909f56bfc062723c751e8b465ee728b)
Start importing Assets/RFTools/Prefabs/Vehicles/Blackhawk Minigun.prefab using Guid(7f3228988a4c9494a98437d90aa8b005) Importer(815301076,1909f56bfc062723c751e8b465ee728b)  -> (artifact id: '0fd135dfd9be289dadcf70bfa9df0b13') in 0.125166 seconds
Number of updated asset objects reloaded before import = 0
Number of asset objects unloaded after import = 90
========================================================================
Received Import Request.
  Time since last request: 0.000028 seconds.
  path: Assets/RFTools/Prefabs/Vehicles/Machine Gun.prefab
  artifactKey: Guid(b31a080f95dac42419936f05296cd73c) Importer(815301076,1909f56bfc062723c751e8b465ee728b)
Start importing Assets/RFTools/Prefabs/Vehicles/Machine Gun.prefab using Guid(b31a080f95dac42419936f05296cd73c) Importer(815301076,1909f56bfc062723c751e8b465ee728b)  -> (artifact id: 'f82fd900cd6b8627a53be7c5d3fd1c70') in 0.093373 seconds
Number of updated asset objects reloaded before import = 0
Number of asset objects unloaded after import = 138
========================================================================
Received Import Request.
  Time since last request: 0.000025 seconds.
  path: Assets/RFTools/Prefabs/Vehicles/Misc/Smoke Countermeasures.prefab
  artifactKey: Guid(ddbcfb26cbbeb3449a6977ecbea16088) Importer(815301076,1909f56bfc062723c751e8b465ee728b)
Start importing Assets/RFTools/Prefabs/Vehicles/Misc/Smoke Countermeasures.prefab using Guid(ddbcfb26cbbeb3449a6977ecbea16088) Importer(815301076,1909f56bfc062723c751e8b465ee728b)  -> (artifact id: '69867ffd37bd52326911a7ddb838a94c') in 0.072240 seconds
Number of updated asset objects reloaded before import = 0
Number of asset objects unloaded after import = 38
========================================================================
Received Import Request.
  Time since last request: 0.000050 seconds.
  path: Assets/RFTools/Prefabs/Projectiles/Sniper Rifle Tracer.prefab
  artifactKey: Guid(7a910497e7b77f44598bb5892b9460b0) Importer(815301076,1909f56bfc062723c751e8b465ee728b)
Start importing Assets/RFTools/Prefabs/Projectiles/Sniper Rifle Tracer.prefab using Guid(7a910497e7b77f44598bb5892b9460b0) Importer(815301076,1909f56bfc062723c751e8b465ee728b)  -> (artifact id: 'd1c36f3852d210c4f033e0206baf5fa0') in 0.017633 seconds
Number of updated asset objects reloaded before import = 0
Number of asset objects unloaded after import = 9
========================================================================
Received Import Request.
  Time since last request: 0.000023 seconds.
  path: Assets/RFTools/Content/Example Vehicle Content Mod.prefab
  artifactKey: Guid(d781c13c30085a042984a7e5967ceb19) Importer(815301076,1909f56bfc062723c751e8b465ee728b)
Start importing Assets/RFTools/Content/Example Vehicle Content Mod.prefab using Guid(d781c13c30085a042984a7e5967ceb19) Importer(815301076,1909f56bfc062723c751e8b465ee728b)  -> (artifact id: 'a7632ce468c6dc2173c530b5eb47b9cb') in 0.621261 seconds
Number of updated asset objects reloaded before import = 0
Number of asset objects unloaded after import = 3941
========================================================================
Received Import Request.
  Time since last request: 0.000041 seconds.
  path: Assets/RFTools/Prefabs/Weapons/Scalpel.prefab
  artifactKey: Guid(f55d43bf4ffcbc94bbae91902c026e11) Importer(815301076,1909f56bfc062723c751e8b465ee728b)
Start importing Assets/RFTools/Prefabs/Weapons/Scalpel.prefab using Guid(f55d43bf4ffcbc94bbae91902c026e11) Importer(815301076,1909f56bfc062723c751e8b465ee728b)  -> (artifact id: 'f80c84378c12369535eb9721336d304d') in 0.144766 seconds
Number of updated asset objects reloaded before import = 0
Number of asset objects unloaded after import = 259
========================================================================
Received Import Request.
  Time since last request: 0.000048 seconds.
  path: Assets/RFTools/Prefabs/Projectiles/Bomber HMG Tracer.prefab
  artifactKey: Guid(8d39420312df6f8499465d326ccfef2c) Importer(815301076,1909f56bfc062723c751e8b465ee728b)
Start importing Assets/RFTools/Prefabs/Projectiles/Bomber HMG Tracer.prefab using Guid(8d39420312df6f8499465d326ccfef2c) Importer(815301076,1909f56bfc062723c751e8b465ee728b)  -> (artifact id: '2dcfdb2490cf55d5ee3ab42646f0f50b') in 0.024504 seconds
Number of updated asset objects reloaded before import = 0
Number of asset objects unloaded after import = 53
========================================================================
Received Import Request.
  Time since last request: 0.000027 seconds.
  path: Assets/RFTools/Prefabs/Vehicles/Attack Helicopter.prefab
  artifactKey: Guid(c5c5ab033cded7545a05abbf01c80963) Importer(815301076,1909f56bfc062723c751e8b465ee728b)
Start importing Assets/RFTools/Prefabs/Vehicles/Attack Helicopter.prefab using Guid(c5c5ab033cded7545a05abbf01c80963) Importer(815301076,1909f56bfc062723c751e8b465ee728b)  -> (artifact id: 'c80fad7b1e413fca619f0522d6c243b8') in 1.054820 seconds
Number of updated asset objects reloaded before import = 0
Number of asset objects unloaded after import = 703
========================================================================
Received Import Request.
  Time since last request: 0.000033 seconds.
  path: Assets/RFTools/Prefabs/Projectiles/Gatling Tracer.prefab
  artifactKey: Guid(3fa0c80c7e35a254799b1eb8f2c49743) Importer(815301076,1909f56bfc062723c751e8b465ee728b)
Start importing Assets/RFTools/Prefabs/Projectiles/Gatling Tracer.prefab using Guid(3fa0c80c7e35a254799b1eb8f2c49743) Importer(815301076,1909f56bfc062723c751e8b465ee728b)  -> (artifact id: '8d2d336b2a8551eb8c8ac7cd309bb2d2') in 0.023130 seconds
Number of updated asset objects reloaded before import = 0
Number of asset objects unloaded after import = 42
========================================================================
Received Import Request.
  Time since last request: 0.000039 seconds.
  path: Assets/RFTools/Prefabs/Effects/Smoke Blast.prefab
  artifactKey: Guid(8f0daef19257d984983aa5b385e6360f) Importer(815301076,1909f56bfc062723c751e8b465ee728b)
Start importing Assets/RFTools/Prefabs/Effects/Smoke Blast.prefab using Guid(8f0daef19257d984983aa5b385e6360f) Importer(815301076,1909f56bfc062723c751e8b465ee728b)  -> (artifact id: '6c2e3f6ce508ed4f797fd0a8247f209e') in 0.017749 seconds
Number of updated asset objects reloaded before import = 0
Number of asset objects unloaded after import = 8
========================================================================
Received Import Request.
  Time since last request: 0.000036 seconds.
  path: Assets/RFTools/Content/Example Weapon Content Mod.prefab
  artifactKey: Guid(46859d836f3a20c41aa306e174476f8d) Importer(815301076,1909f56bfc062723c751e8b465ee728b)
Start importing Assets/RFTools/Content/Example Weapon Content Mod.prefab using Guid(46859d836f3a20c41aa306e174476f8d) Importer(815301076,1909f56bfc062723c751e8b465ee728b)  -> (artifact id: '8ccd3aa142acea9db5f60571684c2204') in 0.012252 seconds
Number of updated asset objects reloaded before import = 0
Number of asset objects unloaded after import = 114
========================================================================
Received Import Request.
  Time since last request: 0.000030 seconds.
  path: Assets/RFTools/Prefabs/Effects/Impact Particles.prefab
  artifactKey: Guid(83228543f262d5c4eba61730ed5545a1) Importer(815301076,1909f56bfc062723c751e8b465ee728b)
Start importing Assets/RFTools/Prefabs/Effects/Impact Particles.prefab using Guid(83228543f262d5c4eba61730ed5545a1) Importer(815301076,1909f56bfc062723c751e8b465ee728b)  -> (artifact id: '6c92f343e8fa842527959f37595ef80c') in 0.020124 seconds
Number of updated asset objects reloaded before import = 0
Number of asset objects unloaded after import = 18
========================================================================
Received Import Request.
  Time since last request: 0.000022 seconds.
  path: Assets/RFTools/Prefabs/Trigger Prefabs/Spawn Player Squad Reinforcements.prefab
  artifactKey: Guid(c3634d8def3df4b45b5b98d350fb00ab) Importer(815301076,1909f56bfc062723c751e8b465ee728b)
Start importing Assets/RFTools/Prefabs/Trigger Prefabs/Spawn Player Squad Reinforcements.prefab using Guid(c3634d8def3df4b45b5b98d350fb00ab) Importer(815301076,1909f56bfc062723c751e8b465ee728b)  -> (artifact id: '26d4fa230feae2bb9a2477d5b22e4ac6') in 0.003880 seconds
Number of updated asset objects reloaded before import = 0
Number of asset objects unloaded after import = 8
========================================================================
Received Import Request.
  Time since last request: 0.000038 seconds.
  path: Assets/RFTools/Prefabs/Weapons/Machine Gun.prefab
  artifactKey: Guid(6860b6da7eb75a249bbd450615534792) Importer(815301076,1909f56bfc062723c751e8b465ee728b)
Start importing Assets/RFTools/Prefabs/Weapons/Machine Gun.prefab using Guid(6860b6da7eb75a249bbd450615534792) Importer(815301076,1909f56bfc062723c751e8b465ee728b)  -> (artifact id: '68d91137f5fe2ca53c1536be3960ca6d') in 0.091320 seconds
Number of updated asset objects reloaded before import = 0
Number of asset objects unloaded after import = 214
========================================================================
Received Import Request.
  Time since last request: 0.000030 seconds.
  path: Assets/RFTools/Prefabs/Map Elements/Must Haves/Pathfinding/Infantry And Car Pathfinding Box.prefab
  artifactKey: Guid(3823f6b3863128e4fa7d14c6171f274f) Importer(815301076,1909f56bfc062723c751e8b465ee728b)
Start importing Assets/RFTools/Prefabs/Map Elements/Must Haves/Pathfinding/Infantry And Car Pathfinding Box.prefab using Guid(3823f6b3863128e4fa7d14c6171f274f) Importer(815301076,1909f56bfc062723c751e8b465ee728b)  -> (artifact id: 'f16f1a8c1c0d7e1727309c3337e58617') in 0.002871 seconds
Number of updated asset objects reloaded before import = 0
Number of asset objects unloaded after import = 6
========================================================================
Received Import Request.
  Time since last request: 0.000189 seconds.
  path: Assets/RFTools/Prefabs/Weapons/Patriot.prefab
  artifactKey: Guid(821601af967b800489dea1a5f1a7d888) Importer(815301076,1909f56bfc062723c751e8b465ee728b)
Start importing Assets/RFTools/Prefabs/Weapons/Patriot.prefab using Guid(821601af967b800489dea1a5f1a7d888) Importer(815301076,1909f56bfc062723c751e8b465ee728b)  -> (artifact id: '2f39d6e8f2fdea2500f118bc79687a98') in 0.043693 seconds
Number of updated asset objects reloaded before import = 0
Number of asset objects unloaded after import = 300
========================================================================
Received Import Request.
  Time since last request: 0.000031 seconds.
  path: Assets/RFTools/Prefabs/Map Elements/Pile Texturer.prefab
  artifactKey: Guid(0b84258e9584ad14f98cd625e5008ab9) Importer(815301076,1909f56bfc062723c751e8b465ee728b)
Start importing Assets/RFTools/Prefabs/Map Elements/Pile Texturer.prefab using Guid(0b84258e9584ad14f98cd625e5008ab9) Importer(815301076,1909f56bfc062723c751e8b465ee728b)  -> (artifact id: 'a9c111561ed28c7089c01d6d3113a05f') in 0.002952 seconds
Number of updated asset objects reloaded before import = 0
Number of asset objects unloaded after import = 5
========================================================================
Received Import Request.
  Time since last request: 0.000036 seconds.
  path: Assets/RFTools/Prefabs/Weapons/Garand.prefab
  artifactKey: Guid(f6b2eada58a02ae4b90d4a01e573a759) Importer(815301076,1909f56bfc062723c751e8b465ee728b)
Start importing Assets/RFTools/Prefabs/Weapons/Garand.prefab using Guid(f6b2eada58a02ae4b90d4a01e573a759) Importer(815301076,1909f56bfc062723c751e8b465ee728b)  -> (artifact id: '70ccc60082ea0b9e2edabb79a1a27a4d') in 0.148894 seconds
Number of updated asset objects reloaded before import = 0
Number of asset objects unloaded after import = 218
========================================================================
Received Import Request.
  Time since last request: 0.000030 seconds.
  path: Assets/RFTools/Prefabs/Map Elements/Must Haves/Minimap Camera.prefab
  artifactKey: Guid(0654c672e81d7dd44b8eff363f5cecb6) Importer(815301076,1909f56bfc062723c751e8b465ee728b)
Start importing Assets/RFTools/Prefabs/Map Elements/Must Haves/Minimap Camera.prefab using Guid(0654c672e81d7dd44b8eff363f5cecb6) Importer(815301076,1909f56bfc062723c751e8b465ee728b)  -> (artifact id: '76f40754b3524a0e8c453273bbae33bb') in 0.003095 seconds
Number of updated asset objects reloaded before import = 0
Number of asset objects unloaded after import = 7
========================================================================
Received Import Request.
  Time since last request: 0.000019 seconds.
  path: Assets/RFTools/Prefabs/Projectiles/Tank Projectile.prefab
  artifactKey: Guid(513e1eb1bcd61bb40a91904c110a4b07) Importer(815301076,1909f56bfc062723c751e8b465ee728b)
Start importing Assets/RFTools/Prefabs/Projectiles/Tank Projectile.prefab using Guid(513e1eb1bcd61bb40a91904c110a4b07) Importer(815301076,1909f56bfc062723c751e8b465ee728b)  -> (artifact id: 'fda31af03e3600b3dd774eee1a126756') in 0.033700 seconds
Number of updated asset objects reloaded before import = 0
Number of asset objects unloaded after import = 95
========================================================================
Received Import Request.
  Time since last request: 0.000024 seconds.
  path: Assets/RFTools/Prefabs/Vehicles/Anti Air Gun.prefab
  artifactKey: Guid(5d3bc11c6d028204b9ffcba0a4a99e6d) Importer(815301076,1909f56bfc062723c751e8b465ee728b)
Start importing Assets/RFTools/Prefabs/Vehicles/Anti Air Gun.prefab using Guid(5d3bc11c6d028204b9ffcba0a4a99e6d) Importer(815301076,1909f56bfc062723c751e8b465ee728b)  -> (artifact id: '493132cfd839ade0b461cf7b36bb0a2b') in 0.086992 seconds
Number of updated asset objects reloaded before import = 0
Number of asset objects unloaded after import = 125
========================================================================
Received Import Request.
  Time since last request: 0.000033 seconds.
  path: Assets/RFTools/Prefabs/Trigger Prefabs/Area Secure Bark Trigger Group.prefab
  artifactKey: Guid(35fda532570ac49428f02fe2ca3ec82e) Importer(815301076,1909f56bfc062723c751e8b465ee728b)
Start importing Assets/RFTools/Prefabs/Trigger Prefabs/Area Secure Bark Trigger Group.prefab using Guid(35fda532570ac49428f02fe2ca3ec82e) Importer(815301076,1909f56bfc062723c751e8b465ee728b)  -> (artifact id: '2984ecb03f9b2af5eb9ca3e658b488cf') in 0.012922 seconds
Number of updated asset objects reloaded before import = 0
Number of asset objects unloaded after import = 17
========================================================================
Received Import Request.
  Time since last request: 0.000029 seconds.
  path: Assets/RFTools/Prefabs/Effects/Explosion Particles.prefab
  artifactKey: Guid(0ecb5ae3203abdf488223b6c1089174b) Importer(815301076,1909f56bfc062723c751e8b465ee728b)
Start importing Assets/RFTools/Prefabs/Effects/Explosion Particles.prefab using Guid(0ecb5ae3203abdf488223b6c1089174b) Importer(815301076,1909f56bfc062723c751e8b465ee728b)  -> (artifact id: '9e0126ff8f09f8344ffdf8d9cdeb3ab0') in 0.016553 seconds
Number of updated asset objects reloaded before import = 0
Number of asset objects unloaded after import = 33
========================================================================
Received Import Request.
  Time since last request: 0.000027 seconds.
  path: Assets/RFTools/Prefabs/Weapons/Beretta Akimbo.prefab
  artifactKey: Guid(f00f6254e4e4b8d479f7c04cabf80236) Importer(815301076,1909f56bfc062723c751e8b465ee728b)
Start importing Assets/RFTools/Prefabs/Weapons/Beretta Akimbo.prefab using Guid(f00f6254e4e4b8d479f7c04cabf80236) Importer(815301076,1909f56bfc062723c751e8b465ee728b)  -> (artifact id: 'fc814db9d1c1f45a8b0db4ca15cfe716') in 0.066118 seconds
Number of updated asset objects reloaded before import = 0
Number of asset objects unloaded after import = 218
========================================================================
Received Import Request.
  Time since last request: 0.000029 seconds.
  path: Assets/RFTools/Prefabs/Projectiles/Helicopter Rocket.prefab
  artifactKey: Guid(210e0c43e5a511b4c98fca965867e11b) Importer(815301076,1909f56bfc062723c751e8b465ee728b)
Start importing Assets/RFTools/Prefabs/Projectiles/Helicopter Rocket.prefab using Guid(210e0c43e5a511b4c98fca965867e11b) Importer(815301076,1909f56bfc062723c751e8b465ee728b)  -> (artifact id: '13523499939e69c3abc364c949a3de6c') in 0.200359 seconds
Number of updated asset objects reloaded before import = 0
Number of asset objects unloaded after import = 87
========================================================================
Received Import Request.
  Time since last request: 0.000034 seconds.
  path: Assets/RFTools/Prefabs/Projectiles/Autocannon Projectile.prefab
  artifactKey: Guid(7a9b2ca68032d394f9a56c2c2a771fbc) Importer(815301076,1909f56bfc062723c751e8b465ee728b)
Start importing Assets/RFTools/Prefabs/Projectiles/Autocannon Projectile.prefab using Guid(7a9b2ca68032d394f9a56c2c2a771fbc) Importer(815301076,1909f56bfc062723c751e8b465ee728b)  -> (artifact id: 'b439c055f21236ac618fe1f029bd85f1') in 0.032925 seconds
Number of updated asset objects reloaded before import = 0
Number of asset objects unloaded after import = 69
========================================================================
Received Import Request.
  Time since last request: 0.000031 seconds.
  path: Assets/RFTools/Prefabs/Effects/Casing Particles.prefab
  artifactKey: Guid(8f748d52ce544a64cb4831df439a2588) Importer(815301076,1909f56bfc062723c751e8b465ee728b)
Start importing Assets/RFTools/Prefabs/Effects/Casing Particles.prefab using Guid(8f748d52ce544a64cb4831df439a2588) Importer(815301076,1909f56bfc062723c751e8b465ee728b)  -> (artifact id: '5125b7d400d77dd6fd86d2d52b403fec') in 0.015443 seconds
Number of updated asset objects reloaded before import = 0
Number of asset objects unloaded after import = 8
========================================================================
Received Import Request.
  Time since last request: 0.000026 seconds.
  path: Assets/RFTools/Prefabs/Projectiles/Frag Grenade.prefab
  artifactKey: Guid(cd039866b89f3eb419bda0715bf3fa3b) Importer(815301076,1909f56bfc062723c751e8b465ee728b)
Start importing Assets/RFTools/Prefabs/Projectiles/Frag Grenade.prefab using Guid(cd039866b89f3eb419bda0715bf3fa3b) Importer(815301076,1909f56bfc062723c751e8b465ee728b)  -> (artifact id: '0d5b4b00b889b2b4ee8c9b06c3074aaf') in 0.031807 seconds
Number of updated asset objects reloaded before import = 0
Number of asset objects unloaded after import = 69
========================================================================
Received Import Request.
  Time since last request: 0.000028 seconds.
  path: Assets/RFTools/Prefabs/Vehicles/Misc/Missile Lock Canvas.prefab
  artifactKey: Guid(8847c953523cca34ebeefd8b64f423a2) Importer(815301076,1909f56bfc062723c751e8b465ee728b)
Start importing Assets/RFTools/Prefabs/Vehicles/Misc/Missile Lock Canvas.prefab using Guid(8847c953523cca34ebeefd8b64f423a2) Importer(815301076,1909f56bfc062723c751e8b465ee728b)  -> (artifact id: 'f91b0a61fbe515197ce7f121edb0c127') in 0.002603 seconds
Number of updated asset objects reloaded before import = 0
Number of asset objects unloaded after import = 18
========================================================================
Received Import Request.
  Time since last request: 0.000020 seconds.
  path: Assets/RFTools/Prefabs/Map Elements/Must Haves/Reflection Prober.prefab
  artifactKey: Guid(e6ee542dec30c0b46a49f3cc5fe05d3a) Importer(815301076,1909f56bfc062723c751e8b465ee728b)
Start importing Assets/RFTools/Prefabs/Map Elements/Must Haves/Reflection Prober.prefab using Guid(e6ee542dec30c0b46a49f3cc5fe05d3a) Importer(815301076,1909f56bfc062723c751e8b465ee728b)  -> (artifact id: 'f13e170e23ca8539c01ec7a5ef5d2ae4') in 0.002458 seconds
Number of updated asset objects reloaded before import = 0
Number of asset objects unloaded after import = 11
========================================================================
Received Import Request.
  Time since last request: 0.000027 seconds.
  path: Assets/RFTools/Prefabs/Projectiles/Plane Autocannon Tracer.prefab
  artifactKey: Guid(4e77b5fa39804bb47a1d051fb6e22f18) Importer(815301076,1909f56bfc062723c751e8b465ee728b)
Start importing Assets/RFTools/Prefabs/Projectiles/Plane Autocannon Tracer.prefab using Guid(4e77b5fa39804bb47a1d051fb6e22f18) Importer(815301076,1909f56bfc062723c751e8b465ee728b)  -> (artifact id: '30f0884189688a518d5698ec70200da0') in 0.028421 seconds
Number of updated asset objects reloaded before import = 0
Number of asset objects unloaded after import = 54
