Using pre-set license
Built from '2022.3/staging' branch; Version is '2022.3.21f1 (bf09ca542b87) revision 12519882'; Using compiler version '192829333'; Build Type 'Release'
OS: 'Windows 10  (10.0.19045) 64bit CoreCountrySpecific' Language: 'zh' Physical Memory: 16253 MB
BatchMode: 1, IsHumanControllingUs: 0, StartBugReporterOnCrash: 0, Is64bit: 1, IsPro: 1

COMMAND LINE ARGUMENTS:
D:\WorkSpace\2022.3.21f1\Editor\Unity.exe
-adb2
-batchMode
-noUpm
-name
AssetImportWorker0
-projectPath
D:/WorkSpace/Unity/RF
-logFile
Logs/AssetImportWorker0.log
-srvPort
4833
Successfully changed project path to: D:/WorkSpace/Unity/RF
D:/WorkSpace/Unity/RF
[UnityMemory] Configuration Parameters - Can be set up in boot.config
    "memorysetup-bucket-allocator-granularity=16"
    "memorysetup-bucket-allocator-bucket-count=8"
    "memorysetup-bucket-allocator-block-size=33554432"
    "memorysetup-bucket-allocator-block-count=8"
    "memorysetup-main-allocator-block-size=16777216"
    "memorysetup-thread-allocator-block-size=16777216"
    "memorysetup-gfx-main-allocator-block-size=16777216"
    "memorysetup-gfx-thread-allocator-block-size=16777216"
    "memorysetup-cache-allocator-block-size=4194304"
    "memorysetup-typetree-allocator-block-size=2097152"
    "memorysetup-profiler-bucket-allocator-granularity=16"
    "memorysetup-profiler-bucket-allocator-bucket-count=8"
    "memorysetup-profiler-bucket-allocator-block-size=33554432"
    "memorysetup-profiler-bucket-allocator-block-count=8"
    "memorysetup-profiler-allocator-block-size=16777216"
    "memorysetup-profiler-editor-allocator-block-size=1048576"
    "memorysetup-temp-allocator-size-main=16777216"
    "memorysetup-job-temp-allocator-block-size=2097152"
    "memorysetup-job-temp-allocator-block-size-background=1048576"
    "memorysetup-job-temp-allocator-reduction-small-platforms=262144"
    "memorysetup-allocator-temp-initial-block-size-main=262144"
    "memorysetup-allocator-temp-initial-block-size-worker=262144"
    "memorysetup-temp-allocator-size-background-worker=32768"
    "memorysetup-temp-allocator-size-job-worker=262144"
    "memorysetup-temp-allocator-size-preload-manager=33554432"
    "memorysetup-temp-allocator-size-nav-mesh-worker=65536"
    "memorysetup-temp-allocator-size-audio-worker=65536"
    "memorysetup-temp-allocator-size-cloud-worker=32768"
    "memorysetup-temp-allocator-size-gi-baking-worker=262144"
    "memorysetup-temp-allocator-size-gfx=262144"
Player connection [3220] Host "[IP] 192.168.8.6 [Port] 0 [Flags] 2 [Guid] 1215225055 [EditorId] 1215225055 [Version] 1048832 [Id] WindowsEditor(7,Dell) [Debug] 1 [PackageName] WindowsEditor [ProjectName] Editor" joined multi-casting on [225.0.0.222:54997]...

Player connection [3220] Host "[IP] 192.168.8.6 [Port] 0 [Flags] 2 [Guid] 1215225055 [EditorId] 1215225055 [Version] 1048832 [Id] WindowsEditor(7,Dell) [Debug] 1 [PackageName] WindowsEditor [ProjectName] Editor" joined alternative multi-casting on [225.0.0.222:34997]...

[Physics::Module] Initialized MultithreadedJobDispatcher with 15 workers.
Refreshing native plugins compatible for Editor in 23.77 ms, found 4 plugins.
Preloading 0 native plugins for Editor in 0.00 ms.
Initialize engine version: 2022.3.21f1 (bf09ca542b87)
[Subsystems] Discovering subsystems at path D:/WorkSpace/2022.3.21f1/Editor/Data/Resources/UnitySubsystems
[Subsystems] Discovering subsystems at path D:/WorkSpace/Unity/RF/Assets
GfxDevice: creating device client; threaded=0; jobified=0
Direct3D:
    Version:  Direct3D 11.0 [level 11.1]
    Renderer: NVIDIA GeForce RTX 2060 (ID=0x1f15)
    Vendor:   NVIDIA
    VRAM:     5955 MB
    Driver:   31.0.15.5161
Initialize mono
Mono path[0] = 'D:/WorkSpace/2022.3.21f1/Editor/Data/Managed'
Mono path[1] = 'D:/WorkSpace/2022.3.21f1/Editor/Data/MonoBleedingEdge/lib/mono/unityjit-win32'
Mono config path = 'D:/WorkSpace/2022.3.21f1/Editor/Data/MonoBleedingEdge/etc'
Using monoOptions --debugger-agent=transport=dt_socket,embedding=1,server=y,suspend=n,address=127.0.0.1:56292
Begin MonoManager ReloadAssembly
Registering precompiled unity dll's ...
Register platform support module: D:/WorkSpace/2022.3.21f1/Editor/Data/PlaybackEngines/WindowsStandaloneSupport/UnityEditor.WindowsStandalone.Extensions.dll
Registered in 0.007716 seconds.
- Loaded All Assemblies, in  0.628 seconds
Native extension for WindowsStandalone target not found
Mono: successfully reloaded assembly
- Finished resetting the current domain, in  0.308 seconds
Domain Reload Profiling: 935ms
	BeginReloadAssembly (329ms)
		ExecutionOrderSort (0ms)
		DisableScriptedObjects (0ms)
		BackupInstance (0ms)
		ReleaseScriptingObjects (0ms)
		CreateAndSetChildDomain (1ms)
	RebuildCommonClasses (56ms)
	RebuildNativeTypeToScriptingClass (13ms)
	initialDomainReloadingComplete (64ms)
	LoadAllAssembliesAndSetupDomain (166ms)
		LoadAssemblies (330ms)
		RebuildTransferFunctionScriptingTraits (0ms)
		AnalyzeDomain (161ms)
			TypeCache.Refresh (160ms)
				TypeCache.ScanAssembly (143ms)
			ScanForSourceGeneratedMonoScriptInfo (1ms)
			ResolveRequiredComponents (1ms)
	FinalizeReload (308ms)
		ReleaseScriptCaches (0ms)
		RebuildScriptCaches (0ms)
		SetupLoadedEditorAssemblies (246ms)
			LogAssemblyErrors (0ms)
			InitializePlatformSupportModulesInManaged (8ms)
			SetLoadedEditorAssemblies (8ms)
			RefreshPlugins (0ms)
			BeforeProcessingInitializeOnLoad (2ms)
			ProcessInitializeOnLoadAttributes (163ms)
			ProcessInitializeOnLoadMethodAttributes (64ms)
			AfterProcessingInitializeOnLoad (0ms)
			EditorAssembliesLoaded (0ms)
		ExecutionOrderSort2 (0ms)
		AwakeInstancesAfterBackupRestoration (0ms)
========================================================================
Worker process is ready to serve import requests
Begin MonoManager ReloadAssembly
- Loaded All Assemblies, in  0.908 seconds
Refreshing native plugins compatible for Editor in 7.98 ms, found 4 plugins.
Native extension for WindowsStandalone target not found
Package Manager log level set to [2]
[Package Manager] Server::EnsureServerProcessIsRunning -- launch failed, reason: Unity was launched with the -noUpm command-line argument
[Package Manager] UpmClient::Send -- Unable to send message (not connected to UPM process).
[Package Manager] Cannot connect to Unity Package Manager local server
Mono: successfully reloaded assembly
- Finished resetting the current domain, in  0.770 seconds
Domain Reload Profiling: 1678ms
	BeginReloadAssembly (292ms)
		ExecutionOrderSort (0ms)
		DisableScriptedObjects (5ms)
		BackupInstance (0ms)
		ReleaseScriptingObjects (0ms)
		CreateAndSetChildDomain (23ms)
	RebuildCommonClasses (47ms)
	RebuildNativeTypeToScriptingClass (11ms)
	initialDomainReloadingComplete (42ms)
	LoadAllAssembliesAndSetupDomain (516ms)
		LoadAssemblies (531ms)
		RebuildTransferFunctionScriptingTraits (0ms)
		AnalyzeDomain (214ms)
			TypeCache.Refresh (188ms)
				TypeCache.ScanAssembly (168ms)
			ScanForSourceGeneratedMonoScriptInfo (17ms)
			ResolveRequiredComponents (8ms)
	FinalizeReload (770ms)
		ReleaseScriptCaches (0ms)
		RebuildScriptCaches (0ms)
		SetupLoadedEditorAssemblies (569ms)
			LogAssemblyErrors (0ms)
			InitializePlatformSupportModulesInManaged (5ms)
			SetLoadedEditorAssemblies (4ms)
			RefreshPlugins (0ms)
			BeforeProcessingInitializeOnLoad (59ms)
			ProcessInitializeOnLoadAttributes (468ms)
			ProcessInitializeOnLoadMethodAttributes (29ms)
			AfterProcessingInitializeOnLoad (3ms)
			EditorAssembliesLoaded (0ms)
		ExecutionOrderSort2 (0ms)
		AwakeInstancesAfterBackupRestoration (16ms)
Launched and connected shader compiler UnityShaderCompiler.exe after 0.10 seconds
Refreshing native plugins compatible for Editor in 9.55 ms, found 4 plugins.
Preloading 0 native plugins for Editor in 0.00 ms.
Unloading 3534 Unused Serialized files (Serialized files now loaded: 0)
Unloading 37 unused Assets / (458.3 KB). Loaded Objects now: 4009.
Memory consumption went from 148.9 MB to 148.4 MB.
Total: 3.857300 ms (FindLiveObjects: 0.330400 ms CreateObjectMapping: 0.109000 ms MarkObjects: 3.137900 ms  DeleteObjects: 0.278100 ms)

AssetImportParameters requested are different than current active one (requested -> active):
  custom:container-demuxer-ogg: 62fdf1f143b41e24485cea50d1cbac27 -> 
  custom:video-codec-MediaFoundation-h265: 746d11721c4dcdbdad8f713fa42b33f4 -> 
  custom:video-decoder-ogg-theora: a1e56fd34408186e4bbccfd4996cb3dc -> 
  custom:framework-win-MediaFoundation: 216162199b28c13a410421893ffa2e32 -> 
  custom:CustomObjectIndexerAttribute: 9a22284fe3817be447336de3de66b15e -> 
  custom:container-demuxer-webm: 4f35f7cbe854078d1ac9338744f61a02 -> 
  custom:container-muxer-webm: aa71ff27fc2769a1b78a27578f13a17b -> 
  custom:video-decoder-webm-vp8: 9c59270c3fd7afecdb556c50c9e8de78 -> 
  custom:SearchIndexIgnoredProperties: e643bd26f0fe6173181afceb89e7c659 -> 
  custom:AudioImporter_EditorPlatform: d09bf68614088b80899f8185d706f6e7 -> 
  custom:video-encoder-webm-vp8: eb34c28f22e8b96e1ab97ce403110664 -> 
  custom:audio-decoder-ogg-vorbis: bf7c407c2cedff20999df2af8eb42d56 -> 
  custom:audio-encoder-webm-vorbis: bf7c407c2cedff20999df2af8eb42d56 -> 
========================================================================
Received Import Request.
  Time since last request: 405172.953331 seconds.
  path: Assets/RFTools/Models/Character/KickFoot.blend
  artifactKey: Guid(c6b47f875fc39574ba7c540ecdcce981) Importer(815301076,1909f56bfc062723c751e8b465ee728b)
Start importing Assets/RFTools/Models/Character/KickFoot.blend using Guid(c6b47f875fc39574ba7c540ecdcce981) Importer(815301076,1909f56bfc062723c751e8b465ee728b)  -> (artifact id: '9aa13f7e0e947e6a8ecd6cb5085c9d96') in 0.220939 seconds
Number of updated asset objects reloaded before import = 0
Number of asset objects unloaded after import = 22
========================================================================
Received Import Request.
  Time since last request: 0.000049 seconds.
  path: Assets/RFTools/Models/Character/Hands no IK for custom models.blend
  artifactKey: Guid(10bf618e3066aa44592a34efccb3d8a3) Importer(815301076,1909f56bfc062723c751e8b465ee728b)
Start importing Assets/RFTools/Models/Character/Hands no IK for custom models.blend using Guid(10bf618e3066aa44592a34efccb3d8a3) Importer(815301076,1909f56bfc062723c751e8b465ee728b)  -> (artifact id: '370e8d0ac109823285ebca7fe2a056ec') in 0.055413 seconds
Number of updated asset objects reloaded before import = 0
Number of asset objects unloaded after import = 96
========================================================================
Received Import Request.
  Time since last request: 0.000040 seconds.
  path: Assets/RFTools/Models
  artifactKey: Guid(05230ebaf07e3ac42a4d4482a98fc757) Importer(815301076,1909f56bfc062723c751e8b465ee728b)
Start importing Assets/RFTools/Models using Guid(05230ebaf07e3ac42a4d4482a98fc757) Importer(815301076,1909f56bfc062723c751e8b465ee728b)  -> (artifact id: '8cbde136b5a506c6a3db62bb853dd4a6') in 0.000874 seconds
Number of updated asset objects reloaded before import = 0
Number of asset objects unloaded after import = 0
========================================================================
Received Import Request.
  Time since last request: 30.773881 seconds.
  path: Assets/RFTools/Models/Weapons/FBX/AR-15.fbx
  artifactKey: Guid(b146e31f84da46648b271ddc289f10e5) Importer(815301076,1909f56bfc062723c751e8b465ee728b)
Start importing Assets/RFTools/Models/Weapons/FBX/AR-15.fbx using Guid(b146e31f84da46648b271ddc289f10e5) Importer(815301076,1909f56bfc062723c751e8b465ee728b)  -> (artifact id: '04cfc9c6ea12ed223afd998c4d571dd7') in 0.174030 seconds
Number of updated asset objects reloaded before import = 0
Number of asset objects unloaded after import = 142
========================================================================
Received Import Request.
  Time since last request: 0.000042 seconds.
  path: Assets/RFTools/Models/Weapons/FBX/Javelin.fbx
  artifactKey: Guid(83de1d6a7cd8d8640ac2ed2359bfdc58) Importer(815301076,1909f56bfc062723c751e8b465ee728b)
Start importing Assets/RFTools/Models/Weapons/FBX/Javelin.fbx using Guid(83de1d6a7cd8d8640ac2ed2359bfdc58) Importer(815301076,1909f56bfc062723c751e8b465ee728b)  -> (artifact id: '2abc61073a7cbdbaf2fe9239af9d169b') in 0.092869 seconds
Number of updated asset objects reloaded before import = 0
Number of asset objects unloaded after import = 90
========================================================================
Received Import Request.
  Time since last request: 0.000057 seconds.
  path: Assets/RFTools/Models/Weapons/FBX/Sniper.fbx
  artifactKey: Guid(5497bb7d2a0da364bb99301fd57601a6) Importer(815301076,1909f56bfc062723c751e8b465ee728b)
Start importing Assets/RFTools/Models/Weapons/FBX/Sniper.fbx using Guid(5497bb7d2a0da364bb99301fd57601a6) Importer(815301076,1909f56bfc062723c751e8b465ee728b)  -> (artifact id: '1dda6d70883cff05b5c87ee326d581df') in 0.131458 seconds
Number of updated asset objects reloaded before import = 0
Number of asset objects unloaded after import = 113
========================================================================
Received Import Request.
  Time since last request: 188.363151 seconds.
  path: Assets/RFTools/Prefabs/Trigger Prefabs/Internal/Airdrop Parachute.prefab
  artifactKey: Guid(7fe9932e6d88f2348bd6e0c154ff200d) Importer(815301076,1909f56bfc062723c751e8b465ee728b)
Start importing Assets/RFTools/Prefabs/Trigger Prefabs/Internal/Airdrop Parachute.prefab using Guid(7fe9932e6d88f2348bd6e0c154ff200d) Importer(815301076,1909f56bfc062723c751e8b465ee728b)  -> (artifact id: 'd8bb4bada60f84f51c0d9b9647ebb377') in 0.031305 seconds
Number of updated asset objects reloaded before import = 0
Number of asset objects unloaded after import = 25
========================================================================
Received Import Request.
  Time since last request: 0.003835 seconds.
  path: Assets/RFTools/Prefabs/Weapons/AK.prefab
  artifactKey: Guid(83105499d85009742b15bcdf75cb5da5) Importer(815301076,1909f56bfc062723c751e8b465ee728b)
Start importing Assets/RFTools/Prefabs/Weapons/AK.prefab using Guid(83105499d85009742b15bcdf75cb5da5) Importer(815301076,1909f56bfc062723c751e8b465ee728b)  -> (artifact id: 'f1c1543bef9e264ecb1e18c17150daff') in 0.270176 seconds
Number of updated asset objects reloaded before import = 0
Number of asset objects unloaded after import = 249
========================================================================
Received Import Request.
  Time since last request: 0.000026 seconds.
  path: Assets/RFTools/Prefabs/Weapons/Ammo Bag.prefab
  artifactKey: Guid(939f612511e57cb4db2d1d5cf9481025) Importer(815301076,1909f56bfc062723c751e8b465ee728b)
Start importing Assets/RFTools/Prefabs/Weapons/Ammo Bag.prefab using Guid(939f612511e57cb4db2d1d5cf9481025) Importer(815301076,1909f56bfc062723c751e8b465ee728b)  -> (artifact id: 'c9a8786601313995be94a19c61da9977') in 0.079501 seconds
Number of updated asset objects reloaded before import = 0
Number of asset objects unloaded after import = 131
========================================================================
Received Import Request.
  Time since last request: 0.000038 seconds.
  path: Assets/RFTools/Prefabs/Map Elements/Landing Zone.prefab
  artifactKey: Guid(fdbf650dadf17c4498db3c58da72f68a) Importer(815301076,1909f56bfc062723c751e8b465ee728b)
Start importing Assets/RFTools/Prefabs/Map Elements/Landing Zone.prefab using Guid(fdbf650dadf17c4498db3c58da72f68a) Importer(815301076,1909f56bfc062723c751e8b465ee728b)  -> (artifact id: 'ce8d2c8b0636854aa4414ccee4f103e8') in 0.047229 seconds
Number of updated asset objects reloaded before import = 0
Number of asset objects unloaded after import = 8
========================================================================
Received Import Request.
  Time since last request: 0.000028 seconds.
  path: Assets/RFTools/Prefabs/Weapons/Patriot GL.prefab
  artifactKey: Guid(9c902621e133cae45b2f6660a4684076) Importer(815301076,1909f56bfc062723c751e8b465ee728b)
Start importing Assets/RFTools/Prefabs/Weapons/Patriot GL.prefab using Guid(9c902621e133cae45b2f6660a4684076) Importer(815301076,1909f56bfc062723c751e8b465ee728b)  -> (artifact id: 'f79d9c4d23daeda833d16d3e3f620be1') in 0.167684 seconds
Number of updated asset objects reloaded before import = 0
Number of asset objects unloaded after import = 591
========================================================================
Received Import Request.
  Time since last request: 0.000031 seconds.
  path: Assets/RFTools/Prefabs/Vehicles/RHIB.prefab
  artifactKey: Guid(52df35d025b2824468d771c74bcb9d55) Importer(815301076,1909f56bfc062723c751e8b465ee728b)
Start importing Assets/RFTools/Prefabs/Vehicles/RHIB.prefab using Guid(52df35d025b2824468d771c74bcb9d55) Importer(815301076,1909f56bfc062723c751e8b465ee728b)  -> (artifact id: '58a6ab9fe4358f46c871cad42d5bf85d') in 0.178342 seconds
Number of updated asset objects reloaded before import = 0
Number of asset objects unloaded after import = 145
========================================================================
Received Import Request.
  Time since last request: 0.000031 seconds.
  path: Assets/RFTools/Prefabs/Projectiles/rocket.prefab
  artifactKey: Guid(d4916689ad0ab6f40b17ab08306c1b4b) Importer(815301076,1909f56bfc062723c751e8b465ee728b)
Start importing Assets/RFTools/Prefabs/Projectiles/rocket.prefab using Guid(d4916689ad0ab6f40b17ab08306c1b4b) Importer(815301076,1909f56bfc062723c751e8b465ee728b)  -> (artifact id: '6e35da29cd061d899f503b32e6114669') in 0.046594 seconds
Number of updated asset objects reloaded before import = 0
Number of asset objects unloaded after import = 87
========================================================================
Received Import Request.
  Time since last request: 0.000023 seconds.
  path: Assets/RFTools/Prefabs/Effects/Smoke Trail Particles.prefab
  artifactKey: Guid(2942ee7af6a207f49855b983cbc827e7) Importer(815301076,1909f56bfc062723c751e8b465ee728b)
Start importing Assets/RFTools/Prefabs/Effects/Smoke Trail Particles.prefab using Guid(2942ee7af6a207f49855b983cbc827e7) Importer(815301076,1909f56bfc062723c751e8b465ee728b)  -> (artifact id: '53df312c6e623e871e7fc62db51f97ca') in 0.014240 seconds
Number of updated asset objects reloaded before import = 0
Number of asset objects unloaded after import = 8
========================================================================
Received Import Request.
  Time since last request: 0.000020 seconds.
  path: Assets/RFTools/Prefabs/Map Elements/Must Haves/Scenery Camera.prefab
  artifactKey: Guid(88e5ad8672bfe884da2946f79c25bdeb) Importer(815301076,1909f56bfc062723c751e8b465ee728b)
Start importing Assets/RFTools/Prefabs/Map Elements/Must Haves/Scenery Camera.prefab using Guid(88e5ad8672bfe884da2946f79c25bdeb) Importer(815301076,1909f56bfc062723c751e8b465ee728b)  -> (artifact id: '01453c832a597a81d610f19744d5f123') in 0.003277 seconds
Number of updated asset objects reloaded before import = 0
Number of asset objects unloaded after import = 8
========================================================================
Received Import Request.
  Time since last request: 0.000056 seconds.
  path: Assets/RFTools/Prefabs/Map Elements/Vehicle Spawner.prefab
  artifactKey: Guid(b21e76cc801637a40aa4fd24bddd206c) Importer(815301076,1909f56bfc062723c751e8b465ee728b)
Start importing Assets/RFTools/Prefabs/Map Elements/Vehicle Spawner.prefab using Guid(b21e76cc801637a40aa4fd24bddd206c) Importer(815301076,1909f56bfc062723c751e8b465ee728b) SendMessage cannot be called during Awake, CheckConsistency, or OnValidate (default: OnMeshFilterChanged)
UnityEngine.StackTraceUtility:ExtractStackTrace ()
UnityEngine.ResourcesAPI:Load (string,System.Type)
UnityEngine.Resources:Load (string,System.Type)
UnityEngine.Resources:Load (string)
VehicleSpawner:SetupPreviewMeshes () (at D:/WorkSpace/Unity/My project/Assets/RFTools/Scripts/Map Tools/Components/VehicleSpawner.cs:26)
VehicleSpawner:OnValidate () (at D:/WorkSpace/Unity/My project/Assets/RFTools/Scripts/Map Tools/Components/VehicleSpawner.cs:51)

[D:/WorkSpace/Unity/My project/Assets/RFTools/Scripts/Map Tools/Components/VehicleSpawner.cs line 26]

SendMessage cannot be called during Awake, CheckConsistency, or OnValidate (default: OnMeshFilterChanged)
UnityEngine.StackTraceUtility:ExtractStackTrace ()
UnityEngine.ResourcesAPI:Load (string,System.Type)
UnityEngine.Resources:Load (string,System.Type)
UnityEngine.Resources:Load (string)
VehicleSpawner:SetupPreviewMeshes () (at D:/WorkSpace/Unity/My project/Assets/RFTools/Scripts/Map Tools/Components/VehicleSpawner.cs:26)
VehicleSpawner:OnValidate () (at D:/WorkSpace/Unity/My project/Assets/RFTools/Scripts/Map Tools/Components/VehicleSpawner.cs:51)

[D:/WorkSpace/Unity/My project/Assets/RFTools/Scripts/Map Tools/Components/VehicleSpawner.cs line 26]

SendMessage cannot be called during Awake, CheckConsistency, or OnValidate (default: OnMeshFilterChanged)
UnityEngine.StackTraceUtility:ExtractStackTrace ()
UnityEngine.ResourcesAPI:Load (string,System.Type)
UnityEngine.Resources:Load (string,System.Type)
UnityEngine.Resources:Load (string)
VehicleSpawner:SetupPreviewMeshes () (at D:/WorkSpace/Unity/My project/Assets/RFTools/Scripts/Map Tools/Components/VehicleSpawner.cs:26)
VehicleSpawner:OnValidate () (at D:/WorkSpace/Unity/My project/Assets/RFTools/Scripts/Map Tools/Components/VehicleSpawner.cs:51)

[D:/WorkSpace/Unity/My project/Assets/RFTools/Scripts/Map Tools/Components/VehicleSpawner.cs line 26]

SendMessage cannot be called during Awake, CheckConsistency, or OnValidate (default: OnMeshFilterChanged)
UnityEngine.StackTraceUtility:ExtractStackTrace ()
UnityEngine.ResourcesAPI:Load (string,System.Type)
UnityEngine.Resources:Load (string,System.Type)
UnityEngine.Resources:Load (string)
VehicleSpawner:SetupPreviewMeshes () (at D:/WorkSpace/Unity/My project/Assets/RFTools/Scripts/Map Tools/Components/VehicleSpawner.cs:26)
VehicleSpawner:OnValidate () (at D:/WorkSpace/Unity/My project/Assets/RFTools/Scripts/Map Tools/Components/VehicleSpawner.cs:51)

[D:/WorkSpace/Unity/My project/Assets/RFTools/Scripts/Map Tools/Components/VehicleSpawner.cs line 26]

SendMessage cannot be called during Awake, CheckConsistency, or OnValidate (default: OnMeshFilterChanged)
UnityEngine.StackTraceUtility:ExtractStackTrace ()
UnityEngine.ResourcesAPI:Load (string,System.Type)
UnityEngine.Resources:Load (string,System.Type)
UnityEngine.Resources:Load (string)
VehicleSpawner:SetupPreviewMeshes () (at D:/WorkSpace/Unity/My project/Assets/RFTools/Scripts/Map Tools/Components/VehicleSpawner.cs:26)
VehicleSpawner:OnValidate () (at D:/WorkSpace/Unity/My project/Assets/RFTools/Scripts/Map Tools/Components/VehicleSpawner.cs:51)

[D:/WorkSpace/Unity/My project/Assets/RFTools/Scripts/Map Tools/Components/VehicleSpawner.cs line 26]

SendMessage cannot be called during Awake, CheckConsistency, or OnValidate (default: OnMeshFilterChanged)
UnityEngine.StackTraceUtility:ExtractStackTrace ()
UnityEngine.ResourcesAPI:Load (string,System.Type)
UnityEngine.Resources:Load (string,System.Type)
UnityEngine.Resources:Load (string)
VehicleSpawner:SetupPreviewMeshes () (at D:/WorkSpace/Unity/My project/Assets/RFTools/Scripts/Map Tools/Components/VehicleSpawner.cs:26)
VehicleSpawner:OnValidate () (at D:/WorkSpace/Unity/My project/Assets/RFTools/Scripts/Map Tools/Components/VehicleSpawner.cs:51)

[D:/WorkSpace/Unity/My project/Assets/RFTools/Scripts/Map Tools/Components/VehicleSpawner.cs line 26]

SendMessage cannot be called during Awake, CheckConsistency, or OnValidate (default: OnMeshFilterChanged)
UnityEngine.StackTraceUtility:ExtractStackTrace ()
UnityEngine.ResourcesAPI:Load (string,System.Type)
UnityEngine.Resources:Load (string,System.Type)
UnityEngine.Resources:Load (string)
VehicleSpawner:SetupPreviewMeshes () (at D:/WorkSpace/Unity/My project/Assets/RFTools/Scripts/Map Tools/Components/VehicleSpawner.cs:26)
VehicleSpawner:OnValidate () (at D:/WorkSpace/Unity/My project/Assets/RFTools/Scripts/Map Tools/Components/VehicleSpawner.cs:51)

[D:/WorkSpace/Unity/My project/Assets/RFTools/Scripts/Map Tools/Components/VehicleSpawner.cs line 26]

SendMessage cannot be called during Awake, CheckConsistency, or OnValidate (default: OnMeshFilterChanged)
UnityEngine.StackTraceUtility:ExtractStackTrace ()
UnityEngine.ResourcesAPI:Load (string,System.Type)
UnityEngine.Resources:Load (string,System.Type)
UnityEngine.Resources:Load (string)
VehicleSpawner:SetupPreviewMeshes () (at D:/WorkSpace/Unity/My project/Assets/RFTools/Scripts/Map Tools/Components/VehicleSpawner.cs:26)
VehicleSpawner:OnValidate () (at D:/WorkSpace/Unity/My project/Assets/RFTools/Scripts/Map Tools/Components/VehicleSpawner.cs:51)

[D:/WorkSpace/Unity/My project/Assets/RFTools/Scripts/Map Tools/Components/VehicleSpawner.cs line 26]

SendMessage cannot be called during Awake, CheckConsistency, or OnValidate (default: OnMeshFilterChanged)
UnityEngine.StackTraceUtility:ExtractStackTrace ()
UnityEngine.ResourcesAPI:Load (string,System.Type)
UnityEngine.Resources:Load (string,System.Type)
UnityEngine.Resources:Load (string)
VehicleSpawner:SetupPreviewMeshes () (at D:/WorkSpace/Unity/My project/Assets/RFTools/Scripts/Map Tools/Components/VehicleSpawner.cs:26)
VehicleSpawner:OnValidate () (at D:/WorkSpace/Unity/My project/Assets/RFTools/Scripts/Map Tools/Components/VehicleSpawner.cs:51)

[D:/WorkSpace/Unity/My project/Assets/RFTools/Scripts/Map Tools/Components/VehicleSpawner.cs line 26]

SendMessage cannot be called during Awake, CheckConsistency, or OnValidate (default: OnMeshFilterChanged)
UnityEngine.StackTraceUtility:ExtractStackTrace ()
UnityEngine.ResourcesAPI:Load (string,System.Type)
UnityEngine.Resources:Load (string,System.Type)
UnityEngine.Resources:Load (string)
VehicleSpawner:SetupPreviewMeshes () (at D:/WorkSpace/Unity/My project/Assets/RFTools/Scripts/Map Tools/Components/VehicleSpawner.cs:26)
VehicleSpawner:OnValidate () (at D:/WorkSpace/Unity/My project/Assets/RFTools/Scripts/Map Tools/Components/VehicleSpawner.cs:51)

[D:/WorkSpace/Unity/My project/Assets/RFTools/Scripts/Map Tools/Components/VehicleSpawner.cs line 26]

SendMessage cannot be called during Awake, CheckConsistency, or OnValidate (default: OnMeshFilterChanged)
UnityEngine.StackTraceUtility:ExtractStackTrace ()
UnityEngine.ResourcesAPI:Load (string,System.Type)
UnityEngine.Resources:Load (string,System.Type)
UnityEngine.Resources:Load (string)
VehicleSpawner:SetupPreviewMeshes () (at D:/WorkSpace/Unity/My project/Assets/RFTools/Scripts/Map Tools/Components/VehicleSpawner.cs:26)
VehicleSpawner:OnValidate () (at D:/WorkSpace/Unity/My project/Assets/RFTools/Scripts/Map Tools/Components/VehicleSpawner.cs:51)

[D:/WorkSpace/Unity/My project/Assets/RFTools/Scripts/Map Tools/Components/VehicleSpawner.cs line 26]

SendMessage cannot be called during Awake, CheckConsistency, or OnValidate (Vehicle Spawner: OnMeshFilterChanged)
UnityEngine.StackTraceUtility:ExtractStackTrace ()
VehicleSpawner:OnValidate () (at D:/WorkSpace/Unity/My project/Assets/RFTools/Scripts/Map Tools/Components/VehicleSpawner.cs:57)

[D:/WorkSpace/Unity/My project/Assets/RFTools/Scripts/Map Tools/Components/VehicleSpawner.cs line 57]

 -> (artifact id: '7bf1537555c7f3905e43bb89f373c07f') in 0.042376 seconds
Number of updated asset objects reloaded before import = 0
Number of asset objects unloaded after import = 96
========================================================================
Received Import Request.
  Time since last request: 0.000028 seconds.
  path: Assets/RFTools/Prefabs/Effects/Rocket Trail Particles.prefab
  artifactKey: Guid(23bb81fc92f376b41a795c9c2a68850e) Importer(815301076,1909f56bfc062723c751e8b465ee728b)
Start importing Assets/RFTools/Prefabs/Effects/Rocket Trail Particles.prefab using Guid(23bb81fc92f376b41a795c9c2a68850e) Importer(815301076,1909f56bfc062723c751e8b465ee728b)  -> (artifact id: 'c68225bb87178babe182d24b832bcc67') in 0.015184 seconds
Number of updated asset objects reloaded before import = 0
Number of asset objects unloaded after import = 13
========================================================================
Received Import Request.
  Time since last request: 0.000021 seconds.
  path: Assets/RFTools/Prefabs/Vehicles/Jeep.prefab
  artifactKey: Guid(5be93851094662546a1eb8e931e49915) Importer(815301076,1909f56bfc062723c751e8b465ee728b)
Start importing Assets/RFTools/Prefabs/Vehicles/Jeep.prefab using Guid(5be93851094662546a1eb8e931e49915) Importer(815301076,1909f56bfc062723c751e8b465ee728b)  -> (artifact id: '8f10841df968d9795deceb1c72e27101') in 0.114980 seconds
Number of updated asset objects reloaded before import = 0
Number of asset objects unloaded after import = 161
========================================================================
Received Import Request.
  Time since last request: 0.000041 seconds.
  path: Assets/RFTools/Prefabs/Effects/Large Explosion Particles.prefab
  artifactKey: Guid(6eaa1a7f5c197f041bdf92ff1a394747) Importer(815301076,1909f56bfc062723c751e8b465ee728b)
Start importing Assets/RFTools/Prefabs/Effects/Large Explosion Particles.prefab using Guid(6eaa1a7f5c197f041bdf92ff1a394747) Importer(815301076,1909f56bfc062723c751e8b465ee728b)  -> (artifact id: '59a624469f13a3742d95e65c437c76a8') in 0.020984 seconds
Number of updated asset objects reloaded before import = 0
Number of asset objects unloaded after import = 60
========================================================================
Received Import Request.
  Time since last request: 0.000054 seconds.
  path: Assets/RFTools/Prefabs/Weapons/Wrench.prefab
  artifactKey: Guid(48478a34ff7c572498594770e99ce379) Importer(815301076,1909f56bfc062723c751e8b465ee728b)
Start importing Assets/RFTools/Prefabs/Weapons/Wrench.prefab using Guid(48478a34ff7c572498594770e99ce379) Importer(815301076,1909f56bfc062723c751e8b465ee728b)  -> (artifact id: '4221a29155f39a9115c531d89db6437b') in 0.080463 seconds
Number of updated asset objects reloaded before import = 0
Number of asset objects unloaded after import = 120
========================================================================
Received Import Request.
  Time since last request: 0.000028 seconds.
  path: Assets/RFTools/Prefabs/Map Elements/Supply Crate.prefab
  artifactKey: Guid(a20bf463e17c18440bc6870648a6d5ee) Importer(815301076,1909f56bfc062723c751e8b465ee728b)
Start importing Assets/RFTools/Prefabs/Map Elements/Supply Crate.prefab using Guid(a20bf463e17c18440bc6870648a6d5ee) Importer(815301076,1909f56bfc062723c751e8b465ee728b)  -> (artifact id: '18dadb287f89d6262892da1b02fa314b') in 0.024151 seconds
Number of updated asset objects reloaded before import = 0
Number of asset objects unloaded after import = 13
========================================================================
Received Import Request.
  Time since last request: 0.000025 seconds.
  path: Assets/RFTools/Prefabs/Map Elements/Must Haves/Capture Point.prefab
  artifactKey: Guid(99aafae000055a446be1f5dab4345da5) Importer(815301076,1909f56bfc062723c751e8b465ee728b)
Start importing Assets/RFTools/Prefabs/Map Elements/Must Haves/Capture Point.prefab using Guid(99aafae000055a446be1f5dab4345da5) Importer(815301076,1909f56bfc062723c751e8b465ee728b)  -> (artifact id: '3756219c33bb47726b1701243ee901d2') in 0.021411 seconds
Number of updated asset objects reloaded before import = 0
Number of asset objects unloaded after import = 33
========================================================================
Received Import Request.
  Time since last request: 0.000030 seconds.
  path: Assets/RFTools/Prefabs/Projectiles/Wire Guided Missile.prefab
  artifactKey: Guid(1680e105c14942743a70822e6ca216f2) Importer(815301076,1909f56bfc062723c751e8b465ee728b)
Start importing Assets/RFTools/Prefabs/Projectiles/Wire Guided Missile.prefab using Guid(1680e105c14942743a70822e6ca216f2) Importer(815301076,1909f56bfc062723c751e8b465ee728b)  -> (artifact id: '752c38e3737b3f5b90aef76ec54c19ae') in 0.043583 seconds
Number of updated asset objects reloaded before import = 0
Number of asset objects unloaded after import = 87
========================================================================
Received Import Request.
  Time since last request: 0.000036 seconds.
  path: Assets/RFTools/Prefabs/Vehicles/Jeep MG.prefab
  artifactKey: Guid(74bce18cdb60063439b959d283ea3f72) Importer(815301076,1909f56bfc062723c751e8b465ee728b)
Start importing Assets/RFTools/Prefabs/Vehicles/Jeep MG.prefab using Guid(74bce18cdb60063439b959d283ea3f72) Importer(815301076,1909f56bfc062723c751e8b465ee728b)  -> (artifact id: 'e26d0e75ddcccc7276efb1692e3d3328') in 0.156070 seconds
Number of updated asset objects reloaded before import = 0
Number of asset objects unloaded after import = 498
========================================================================
Received Import Request.
  Time since last request: 0.000046 seconds.
  path: Assets/RFTools/Prefabs/Projectiles/pod rocket.prefab
  artifactKey: Guid(9c96a71107f026648986de2a0da580f6) Importer(815301076,1909f56bfc062723c751e8b465ee728b)
Start importing Assets/RFTools/Prefabs/Projectiles/pod rocket.prefab using Guid(9c96a71107f026648986de2a0da580f6) Importer(815301076,1909f56bfc062723c751e8b465ee728b)  -> (artifact id: '1211f39ad939825bc4bf3bd0cdb90648') in 0.044463 seconds
Number of updated asset objects reloaded before import = 0
Number of asset objects unloaded after import = 87
========================================================================
Received Import Request.
  Time since last request: 0.000055 seconds.
  path: Assets/RFTools/Prefabs/Weapons/Dagger.prefab
  artifactKey: Guid(ab7c2e73439d0944d92215e82be484ed) Importer(815301076,1909f56bfc062723c751e8b465ee728b)
Start importing Assets/RFTools/Prefabs/Weapons/Dagger.prefab using Guid(ab7c2e73439d0944d92215e82be484ed) Importer(815301076,1909f56bfc062723c751e8b465ee728b)  -> (artifact id: '840a87023b18708b6a0034bde28c3825') in 0.105749 seconds
Number of updated asset objects reloaded before import = 0
Number of asset objects unloaded after import = 222
========================================================================
Received Import Request.
  Time since last request: 0.000029 seconds.
  path: Assets/RFTools/Prefabs/Map Elements/Custom Actor Model.prefab
  artifactKey: Guid(81d41a2a536c4234daa3cdc5cf4c7992) Importer(815301076,1909f56bfc062723c751e8b465ee728b)
Start importing Assets/RFTools/Prefabs/Map Elements/Custom Actor Model.prefab using Guid(81d41a2a536c4234daa3cdc5cf4c7992) Importer(815301076,1909f56bfc062723c751e8b465ee728b)  -> (artifact id: 'a451ce615b326aff54da6a8073038e66') in 0.002971 seconds
Number of updated asset objects reloaded before import = 0
Number of asset objects unloaded after import = 5
========================================================================
Received Import Request.
  Time since last request: 0.000027 seconds.
  path: Assets/RFTools/Prefabs/Vehicles/Quadbike.prefab
  artifactKey: Guid(d00fc95a386dc85488cdb8c09087a143) Importer(815301076,1909f56bfc062723c751e8b465ee728b)
Start importing Assets/RFTools/Prefabs/Vehicles/Quadbike.prefab using Guid(d00fc95a386dc85488cdb8c09087a143) Importer(815301076,1909f56bfc062723c751e8b465ee728b)  -> (artifact id: '43d3c8e18891ca0a672923de035bd2b2') in 0.104587 seconds
Number of updated asset objects reloaded before import = 0
Number of asset objects unloaded after import = 131
========================================================================
Received Import Request.
  Time since last request: 0.000033 seconds.
  path: Assets/RFTools/Prefabs/Weapons/Wrench (No Repair).prefab
  artifactKey: Guid(785d5c13c35e2af4d900d6f42cc03f56) Importer(815301076,1909f56bfc062723c751e8b465ee728b)
Start importing Assets/RFTools/Prefabs/Weapons/Wrench (No Repair).prefab using Guid(785d5c13c35e2af4d900d6f42cc03f56) Importer(815301076,1909f56bfc062723c751e8b465ee728b)  -> (artifact id: 'e72539028eb8d08ae720f3ed4e93aaa2') in 0.029176 seconds
Number of updated asset objects reloaded before import = 0
Number of asset objects unloaded after import = 119
========================================================================
Received Import Request.
  Time since last request: 0.000038 seconds.
  path: Assets/RFTools/Prefabs/Vehicles/APC.prefab
  artifactKey: Guid(d07177a3faa7c1e44b9a8673475aec57) Importer(815301076,1909f56bfc062723c751e8b465ee728b)
Start importing Assets/RFTools/Prefabs/Vehicles/APC.prefab using Guid(d07177a3faa7c1e44b9a8673475aec57) Importer(815301076,1909f56bfc062723c751e8b465ee728b)  -> (artifact id: '520783d53819aee86595bb0e4fdfb195') in 0.786526 seconds
Number of updated asset objects reloaded before import = 0
Number of asset objects unloaded after import = 740
========================================================================
Received Import Request.
  Time since last request: 0.000033 seconds.
  path: Assets/RFTools/Prefabs/Map Elements/Must Haves/Time Of Day.prefab
  artifactKey: Guid(4d683226dadb3d04da216a09f92e88ea) Importer(815301076,1909f56bfc062723c751e8b465ee728b)
Start importing Assets/RFTools/Prefabs/Map Elements/Must Haves/Time Of Day.prefab using Guid(4d683226dadb3d04da216a09f92e88ea) Importer(815301076,1909f56bfc062723c751e8b465ee728b)  -> (artifact id: '68deda8011350be21c8eb77cdcd082b9') in 0.004113 seconds
Number of updated asset objects reloaded before import = 0
Number of asset objects unloaded after import = 22
========================================================================
Received Import Request.
  Time since last request: 0.000030 seconds.
  path: Assets/RFTools/Prefabs/Map Elements/Pathfinding Link.prefab
  artifactKey: Guid(eb08efcdc601a034382c8be3c2876e8b) Importer(815301076,1909f56bfc062723c751e8b465ee728b)
Start importing Assets/RFTools/Prefabs/Map Elements/Pathfinding Link.prefab using Guid(eb08efcdc601a034382c8be3c2876e8b) Importer(815301076,1909f56bfc062723c751e8b465ee728b)  -> (artifact id: '94d6c9c534e9eb7876fb7b3d15ec6408') in 0.002756 seconds
Number of updated asset objects reloaded before import = 0
Number of asset objects unloaded after import = 7
========================================================================
Received Import Request.
  Time since last request: 0.000020 seconds.
  path: Assets/RFTools/Prefabs/Map Elements/Must Haves/Pathfinding/Boat Pathfinding Box.prefab
  artifactKey: Guid(9182124bc3d14f74abe617652cac99f7) Importer(815301076,1909f56bfc062723c751e8b465ee728b)
Start importing Assets/RFTools/Prefabs/Map Elements/Must Haves/Pathfinding/Boat Pathfinding Box.prefab using Guid(9182124bc3d14f74abe617652cac99f7) Importer(815301076,1909f56bfc062723c751e8b465ee728b)  -> (artifact id: 'e153c353d682cb0d527213bdbb97efd9') in 0.002765 seconds
Number of updated asset objects reloaded before import = 0
Number of asset objects unloaded after import = 5
========================================================================
Received Import Request.
  Time since last request: 0.000027 seconds.
  path: Assets/RFTools/Prefabs/Projectiles/AR-15 Tracer.prefab
  artifactKey: Guid(b7715a27efd349b4bb2298678f62b38c) Importer(815301076,1909f56bfc062723c751e8b465ee728b)
Start importing Assets/RFTools/Prefabs/Projectiles/AR-15 Tracer.prefab using Guid(b7715a27efd349b4bb2298678f62b38c) Importer(815301076,1909f56bfc062723c751e8b465ee728b)  -> (artifact id: '2ef9622dfd123d127beb4cbb582c3a95') in 0.011746 seconds
Number of updated asset objects reloaded before import = 0
Number of asset objects unloaded after import = 10
========================================================================
Received Import Request.
  Time since last request: 0.000025 seconds.
  path: Assets/RFTools/Prefabs/Projectiles/Helicopter missile.prefab
  artifactKey: Guid(6ca35dac77a067140850648bd18a7386) Importer(815301076,1909f56bfc062723c751e8b465ee728b)
Start importing Assets/RFTools/Prefabs/Projectiles/Helicopter missile.prefab using Guid(6ca35dac77a067140850648bd18a7386) Importer(815301076,1909f56bfc062723c751e8b465ee728b)  -> (artifact id: 'ea4bdbfcbfe9c3a97c2abb9a5a77097e') in 0.061887 seconds
Number of updated asset objects reloaded before import = 0
Number of asset objects unloaded after import = 92
========================================================================
Received Import Request.
  Time since last request: 0.000031 seconds.
  path: Assets/RFTools/Prefabs/Projectiles/plane rocket.prefab
  artifactKey: Guid(c6b9959e5f88b9c4aa70f6d1c23d8906) Importer(815301076,1909f56bfc062723c751e8b465ee728b)
Start importing Assets/RFTools/Prefabs/Projectiles/plane rocket.prefab using Guid(c6b9959e5f88b9c4aa70f6d1c23d8906) Importer(815301076,1909f56bfc062723c751e8b465ee728b)  -> (artifact id: '84167a6ff12bdf8c5d1e584fe57b64a5') in 0.039336 seconds
Number of updated asset objects reloaded before import = 0
Number of asset objects unloaded after import = 87
========================================================================
Received Import Request.
  Time since last request: 0.000021 seconds.
  path: Assets/RFTools/Prefabs/Trigger Prefabs/ZOMBIES!.prefab
  artifactKey: Guid(8d69ff08f6be6254fa1772f880f3fe88) Importer(815301076,1909f56bfc062723c751e8b465ee728b)
Start importing Assets/RFTools/Prefabs/Trigger Prefabs/ZOMBIES!.prefab using Guid(8d69ff08f6be6254fa1772f880f3fe88) Importer(815301076,1909f56bfc062723c751e8b465ee728b)  -> (artifact id: 'cf0a43794d2331d4bba8f39e8d125757') in 0.003378 seconds
Number of updated asset objects reloaded before import = 0
Number of asset objects unloaded after import = 11
========================================================================
Received Import Request.
  Time since last request: 0.000018 seconds.
  path: Assets/RFTools/Prefabs/Vehicles/Plane.prefab
  artifactKey: Guid(852e889c2fe0aff41bfa1411c9c7a53f) Importer(815301076,1909f56bfc062723c751e8b465ee728b)
Start importing Assets/RFTools/Prefabs/Vehicles/Plane.prefab using Guid(852e889c2fe0aff41bfa1411c9c7a53f) Importer(815301076,1909f56bfc062723c751e8b465ee728b)  -> (artifact id: '487a89d30fc5bb71ca1fffa0bf507471') in 0.294575 seconds
Number of updated asset objects reloaded before import = 0
Number of asset objects unloaded after import = 521
========================================================================
Received Import Request.
  Time since last request: 0.000039 seconds.
  path: Assets/RFTools/Prefabs/Projectiles/Ammobox Projectile.prefab
  artifactKey: Guid(576759ac932c8294282d4cab4cfa32bc) Importer(815301076,1909f56bfc062723c751e8b465ee728b)
Start importing Assets/RFTools/Prefabs/Projectiles/Ammobox Projectile.prefab using Guid(576759ac932c8294282d4cab4cfa32bc) Importer(815301076,1909f56bfc062723c751e8b465ee728b)  -> (artifact id: '06b7f476ca1cdab4acd72222cc00a592') in 0.020262 seconds
Number of updated asset objects reloaded before import = 0
Number of asset objects unloaded after import = 16
========================================================================
Received Import Request.
  Time since last request: 0.000039 seconds.
  path: Assets/RFTools/Prefabs/Projectiles/javelin missile.prefab
  artifactKey: Guid(389b1c8e389996d4d833839431bde1c2) Importer(815301076,1909f56bfc062723c751e8b465ee728b)
Start importing Assets/RFTools/Prefabs/Projectiles/javelin missile.prefab using Guid(389b1c8e389996d4d833839431bde1c2) Importer(815301076,1909f56bfc062723c751e8b465ee728b)  -> (artifact id: '7ef1a7789e640da987b69132c111af94') in 0.051049 seconds
Number of updated asset objects reloaded before import = 0
Number of asset objects unloaded after import = 92
========================================================================
Received Import Request.
  Time since last request: 0.000025 seconds.
  path: Assets/RFTools/Content/Example Skin Content Mod.prefab
  artifactKey: Guid(ac751c73ebf1c4a4099ad2d740f9f220) Importer(815301076,1909f56bfc062723c751e8b465ee728b)
Start importing Assets/RFTools/Content/Example Skin Content Mod.prefab using Guid(ac751c73ebf1c4a4099ad2d740f9f220) Importer(815301076,1909f56bfc062723c751e8b465ee728b)  -> (artifact id: 'f63113afe9d46102d10c031d1a5612fd') in 0.008971 seconds
Number of updated asset objects reloaded before import = 0
Number of asset objects unloaded after import = 9
========================================================================
Received Import Request.
  Time since last request: 0.000024 seconds.
  path: Assets/RFTools/Prefabs/Vehicles/TOW.prefab
  artifactKey: Guid(9650b8548d65a0e418fe503892ae2d58) Importer(815301076,1909f56bfc062723c751e8b465ee728b)
Start importing Assets/RFTools/Prefabs/Vehicles/TOW.prefab using Guid(9650b8548d65a0e418fe503892ae2d58) Importer(815301076,1909f56bfc062723c751e8b465ee728b)  -> (artifact id: '1a64355d88a76f731a5af765035a6da4') in 0.068638 seconds
Number of updated asset objects reloaded before import = 0
Number of asset objects unloaded after import = 164
========================================================================
Received Import Request.
  Time since last request: 0.000024 seconds.
  path: Assets/RFTools/Prefabs/Trigger Prefabs/Force Vehicle Pilot Look Direction.prefab
  artifactKey: Guid(36218c2157f6ef044ab1bafefe3f766c) Importer(815301076,1909f56bfc062723c751e8b465ee728b)
Start importing Assets/RFTools/Prefabs/Trigger Prefabs/Force Vehicle Pilot Look Direction.prefab using Guid(36218c2157f6ef044ab1bafefe3f766c) Importer(815301076,1909f56bfc062723c751e8b465ee728b)  -> (artifact id: '8a17ec52dec41de6482f79f14f81faab') in 0.003997 seconds
Number of updated asset objects reloaded before import = 0
Number of asset objects unloaded after import = 15
========================================================================
Received Import Request.
  Time since last request: 0.000023 seconds.
  path: Assets/RFTools/Prefabs/Weapons/Sniper.prefab
  artifactKey: Guid(13f0004358405c247a80a56a9f942e1e) Importer(815301076,1909f56bfc062723c751e8b465ee728b)
Start importing Assets/RFTools/Prefabs/Weapons/Sniper.prefab using Guid(13f0004358405c247a80a56a9f942e1e) Importer(815301076,1909f56bfc062723c751e8b465ee728b)  -> (artifact id: '13514ca820ae0538ec86d254fe97407d') in 0.091799 seconds
Number of updated asset objects reloaded before import = 0
Number of asset objects unloaded after import = 195
========================================================================
Received Import Request.
  Time since last request: 0.000028 seconds.
  path: Assets/RFTools/Prefabs/Vehicles/Attack Boat.prefab
  artifactKey: Guid(3443673a2240da845becc4eb5b568387) Importer(815301076,1909f56bfc062723c751e8b465ee728b)
Start importing Assets/RFTools/Prefabs/Vehicles/Attack Boat.prefab using Guid(3443673a2240da845becc4eb5b568387) Importer(815301076,1909f56bfc062723c751e8b465ee728b)  -> (artifact id: '58e41f3fd0f4ff5d9afd5bece5910e42') in 0.372062 seconds
Number of updated asset objects reloaded before import = 0
Number of asset objects unloaded after import = 338
========================================================================
Received Import Request.
  Time since last request: 0.000041 seconds.
  path: Assets/RFTools/Prefabs/Projectiles/Rifle Tracer.prefab
  artifactKey: Guid(09d519f4a6bfc4c4dadc546d47cf0022) Importer(815301076,1909f56bfc062723c751e8b465ee728b)
Start importing Assets/RFTools/Prefabs/Projectiles/Rifle Tracer.prefab using Guid(09d519f4a6bfc4c4dadc546d47cf0022) Importer(815301076,1909f56bfc062723c751e8b465ee728b)  -> (artifact id: '8be34e3e665cca7ac492fa14da49939b') in 0.018316 seconds
Number of updated asset objects reloaded before import = 0
Number of asset objects unloaded after import = 10
========================================================================
Received Import Request.
  Time since last request: 0.000023 seconds.
  path: Assets/RFTools/Prefabs/Vehicles/Tank.prefab
  artifactKey: Guid(392d6d1a5648fa04cb4788da3352ff7b) Importer(815301076,1909f56bfc062723c751e8b465ee728b)
Start importing Assets/RFTools/Prefabs/Vehicles/Tank.prefab using Guid(392d6d1a5648fa04cb4788da3352ff7b) Importer(815301076,1909f56bfc062723c751e8b465ee728b)  -> (artifact id: 'cef1abc02c8501d7174b5c9510b977e1') in 0.388327 seconds
Number of updated asset objects reloaded before import = 0
Number of asset objects unloaded after import = 414
========================================================================
Received Import Request.
  Time since last request: 0.000048 seconds.
  path: Assets/RFTools/Prefabs/Weapons/Frag.prefab
  artifactKey: Guid(54d0611d6fe571b488880300f418a463) Importer(815301076,1909f56bfc062723c751e8b465ee728b)
Start importing Assets/RFTools/Prefabs/Weapons/Frag.prefab using Guid(54d0611d6fe571b488880300f418a463) Importer(815301076,1909f56bfc062723c751e8b465ee728b)  -> (artifact id: '51195945bfaecfcba1e537e31a320064') in 0.054195 seconds
Number of updated asset objects reloaded before import = 0
Number of asset objects unloaded after import = 185
========================================================================
Received Import Request.
  Time since last request: 0.000039 seconds.
  path: Assets/RFTools/Prefabs/Projectiles/Minigun Tracer Explosive.prefab
  artifactKey: Guid(2cfba60f95261cd44bc1074efe930536) Importer(815301076,1909f56bfc062723c751e8b465ee728b)
Start importing Assets/RFTools/Prefabs/Projectiles/Minigun Tracer Explosive.prefab using Guid(2cfba60f95261cd44bc1074efe930536) Importer(815301076,1909f56bfc062723c751e8b465ee728b)  -> (artifact id: '0597189e16ecd21860a8a9551dc1cabc') in 0.017950 seconds
Number of updated asset objects reloaded before import = 0
Number of asset objects unloaded after import = 16
========================================================================
Received Import Request.
  Time since last request: 0.000027 seconds.
  path: Assets/RFTools/Prefabs/Projectiles/Bomb.prefab
  artifactKey: Guid(f12249efee0a9514faf9f493d4e3e233) Importer(815301076,1909f56bfc062723c751e8b465ee728b)
Start importing Assets/RFTools/Prefabs/Projectiles/Bomb.prefab using Guid(f12249efee0a9514faf9f493d4e3e233) Importer(815301076,1909f56bfc062723c751e8b465ee728b)  -> (artifact id: 'd783815452ee5a5e5697a676ad59940f') in 0.035767 seconds
Number of updated asset objects reloaded before import = 0
Number of asset objects unloaded after import = 94
========================================================================
Received Import Request.
  Time since last request: 0.000034 seconds.
  path: Assets/RFTools/Prefabs/Vehicles/Blackhawk.prefab
  artifactKey: Guid(7f6745f0f773ad345881d5bd8ebde8aa) Importer(815301076,1909f56bfc062723c751e8b465ee728b)
Start importing Assets/RFTools/Prefabs/Vehicles/Blackhawk.prefab using Guid(7f6745f0f773ad345881d5bd8ebde8aa) Importer(815301076,1909f56bfc062723c751e8b465ee728b)  -> (artifact id: '1802594084b8dc928ef477cca6790292') in 0.334768 seconds
Number of updated asset objects reloaded before import = 0
Number of asset objects unloaded after import = 527
